{"meta": {"format": 3, "version": "7.10.1", "timestamp": "2025-08-02T22:38:42.099237", "branch_coverage": false, "show_contexts": false}, "files": {"backend\\code\\__init__.py": {"executed_lines": [0], "summary": {"covered_lines": 0, "num_statements": 0, "percent_covered": 100.0, "percent_covered_display": "100", "missing_lines": 0, "excluded_lines": 0}, "missing_lines": [], "excluded_lines": [], "functions": {"": {"executed_lines": [], "summary": {"covered_lines": 0, "num_statements": 0, "percent_covered": 100.0, "percent_covered_display": "100", "missing_lines": 0, "excluded_lines": 0}, "missing_lines": [], "excluded_lines": []}}, "classes": {"": {"executed_lines": [], "summary": {"covered_lines": 0, "num_statements": 0, "percent_covered": 100.0, "percent_covered_display": "100", "missing_lines": 0, "excluded_lines": 0}, "missing_lines": [], "excluded_lines": []}}}, "backend\\code\\agent_nodes\\__init__.py": {"executed_lines": [0], "summary": {"covered_lines": 0, "num_statements": 0, "percent_covered": 100.0, "percent_covered_display": "100", "missing_lines": 0, "excluded_lines": 0}, "missing_lines": [], "excluded_lines": [], "functions": {"": {"executed_lines": [], "summary": {"covered_lines": 0, "num_statements": 0, "percent_covered": 100.0, "percent_covered_display": "100", "missing_lines": 0, "excluded_lines": 0}, "missing_lines": [], "excluded_lines": []}}, "classes": {"": {"executed_lines": [], "summary": {"covered_lines": 0, "num_statements": 0, "percent_covered": 100.0, "percent_covered_display": "100", "missing_lines": 0, "excluded_lines": 0}, "missing_lines": [], "excluded_lines": []}}}, "backend\\code\\agent_nodes\\manager_node.py": {"executed_lines": [1, 2, 3, 4, 5, 6, 7, 8, 9, 10, 16, 18, 19, 21, 31, 32, 34, 41, 54, 56, 72, 73, 76, 77, 83, 90, 96, 97, 103, 104, 111, 114, 124, 126, 132, 134, 136, 149, 150, 153, 154, 155, 157, 166, 167, 170, 171, 176, 177, 196, 197, 198, 200, 207, 208, 209, 210, 212, 220, 221, 222, 223, 224, 226, 231, 232, 233, 236, 237, 238, 242, 271, 273, 286, 288, 297, 307, 315], "summary": {"covered_lines": 78, "num_statements": 105, "percent_covered": 74.28571428571429, "percent_covered_display": "74", "missing_lines": 27, "excluded_lines": 0}, "missing_lines": [42, 46, 57, 63, 105, 106, 107, 108, 109, 137, 179, 180, 186, 240, 249, 251, 252, 253, 254, 256, 258, 266, 274, 280, 317, 318, 325], "excluded_lines": [], "functions": {"validate_and_sanitize_input": {"executed_lines": [31, 32, 34, 41, 54, 56, 72, 73, 76, 77, 83, 90], "summary": {"covered_lines": 12, "num_statements": 16, "percent_covered": 75.0, "percent_covered_display": "75", "missing_lines": 4, "excluded_lines": 0}, "missing_lines": [42, 46, 57, 63], "excluded_lines": []}, "build_session_aware_prompt": {"executed_lines": [97, 103, 104, 111], "summary": {"covered_lines": 4, "num_statements": 9, "percent_covered": 44.44444444444444, "percent_covered_display": "44", "missing_lines": 5, "excluded_lines": 0}, "missing_lines": [105, 106, 107, 108, 109], "excluded_lines": []}, "manager_node": {"executed_lines": [124, 126, 132, 134, 136, 149, 150, 153, 154, 155, 157, 166, 167, 170, 171, 176, 177, 196, 197, 198, 200, 207, 208, 209, 210, 212, 220, 221, 222, 223, 224, 226, 231, 232, 233, 236, 237, 238, 242, 271, 273, 286, 288, 297, 307, 315], "summary": {"covered_lines": 46, "num_statements": 64, "percent_covered": 71.875, "percent_covered_display": "72", "missing_lines": 18, "excluded_lines": 0}, "missing_lines": [137, 179, 180, 186, 240, 249, 251, 252, 253, 254, 256, 258, 266, 274, 280, 317, 318, 325], "excluded_lines": []}, "": {"executed_lines": [1, 2, 3, 4, 5, 6, 7, 8, 9, 10, 16, 18, 19, 21, 96, 114], "summary": {"covered_lines": 16, "num_statements": 16, "percent_covered": 100.0, "percent_covered_display": "100", "missing_lines": 0, "excluded_lines": 0}, "missing_lines": [], "excluded_lines": []}}, "classes": {"": {"executed_lines": [1, 2, 3, 4, 5, 6, 7, 8, 9, 10, 16, 18, 19, 21, 31, 32, 34, 41, 54, 56, 72, 73, 76, 77, 83, 90, 96, 97, 103, 104, 111, 114, 124, 126, 132, 134, 136, 149, 150, 153, 154, 155, 157, 166, 167, 170, 171, 176, 177, 196, 197, 198, 200, 207, 208, 209, 210, 212, 220, 221, 222, 223, 224, 226, 231, 232, 233, 236, 237, 238, 242, 271, 273, 286, 288, 297, 307, 315], "summary": {"covered_lines": 78, "num_statements": 105, "percent_covered": 74.28571428571429, "percent_covered_display": "74", "missing_lines": 27, "excluded_lines": 0}, "missing_lines": [42, 46, 57, 63, 105, 106, 107, 108, 109, 137, 179, 180, 186, 240, 249, 251, 252, 253, 254, 256, 258, 266, 274, 280, 317, 318, 325], "excluded_lines": []}}}, "backend\\code\\agent_nodes\\rag_retrieval_agent\\__init__.py": {"executed_lines": [0], "summary": {"covered_lines": 0, "num_statements": 0, "percent_covered": 100.0, "percent_covered_display": "100", "missing_lines": 0, "excluded_lines": 0}, "missing_lines": [], "excluded_lines": [], "functions": {"": {"executed_lines": [], "summary": {"covered_lines": 0, "num_statements": 0, "percent_covered": 100.0, "percent_covered_display": "100", "missing_lines": 0, "excluded_lines": 0}, "missing_lines": [], "excluded_lines": []}}, "classes": {"": {"executed_lines": [], "summary": {"covered_lines": 0, "num_statements": 0, "percent_covered": 100.0, "percent_covered_display": "100", "missing_lines": 0, "excluded_lines": 0}, "missing_lines": [], "excluded_lines": []}}}, "backend\\code\\agent_nodes\\rag_retrieval_agent\\chat_logger.py": {"executed_lines": [1, 2, 4, 6, 7, 10, 11, 12, 14, 15, 16, 17, 20, 22, 23, 24, 26, 27], "summary": {"covered_lines": 18, "num_statements": 18, "percent_covered": 100.0, "percent_covered_display": "100", "missing_lines": 0, "excluded_lines": 0}, "missing_lines": [], "excluded_lines": [], "functions": {"setup_logging": {"executed_lines": [11, 12, 14, 15, 16, 17, 20, 22, 23, 24, 26, 27], "summary": {"covered_lines": 12, "num_statements": 12, "percent_covered": 100.0, "percent_covered_display": "100", "missing_lines": 0, "excluded_lines": 0}, "missing_lines": [], "excluded_lines": []}, "": {"executed_lines": [1, 2, 4, 6, 7, 10], "summary": {"covered_lines": 6, "num_statements": 6, "percent_covered": 100.0, "percent_covered_display": "100", "missing_lines": 0, "excluded_lines": 0}, "missing_lines": [], "excluded_lines": []}}, "classes": {"": {"executed_lines": [1, 2, 4, 6, 7, 10, 11, 12, 14, 15, 16, 17, 20, 22, 23, 24, 26, 27], "summary": {"covered_lines": 18, "num_statements": 18, "percent_covered": 100.0, "percent_covered_display": "100", "missing_lines": 0, "excluded_lines": 0}, "missing_lines": [], "excluded_lines": []}}}, "backend\\code\\agent_nodes\\rag_retrieval_agent\\chat_logic.py": {"executed_lines": [2, 4, 8, 9, 10, 11, 14, 29, 30, 31, 32, 34, 36, 37, 38], "summary": {"covered_lines": 15, "num_statements": 29, "percent_covered": 51.724137931034484, "percent_covered_display": "52", "missing_lines": 14, "excluded_lines": 0}, "missing_lines": [15, 16, 17, 18, 19, 20, 21, 23, 24, 45, 46, 49, 50, 51], "excluded_lines": [], "functions": {"respond_to_query": {"executed_lines": [], "summary": {"covered_lines": 0, "num_statements": 9, "percent_covered": 0.0, "percent_covered_display": "0", "missing_lines": 9, "excluded_lines": 0}, "missing_lines": [15, 16, 17, 18, 19, 20, 21, 23, 24], "excluded_lines": []}, "chat": {"executed_lines": [30, 31, 32, 34, 36, 37, 38], "summary": {"covered_lines": 7, "num_statements": 12, "percent_covered": 58.333333333333336, "percent_covered_display": "58", "missing_lines": 5, "excluded_lines": 0}, "missing_lines": [45, 46, 49, 50, 51], "excluded_lines": []}, "": {"executed_lines": [2, 4, 8, 9, 10, 11, 14, 29], "summary": {"covered_lines": 8, "num_statements": 8, "percent_covered": 100.0, "percent_covered_display": "100", "missing_lines": 0, "excluded_lines": 0}, "missing_lines": [], "excluded_lines": []}}, "classes": {"": {"executed_lines": [2, 4, 8, 9, 10, 11, 14, 29, 30, 31, 32, 34, 36, 37, 38], "summary": {"covered_lines": 15, "num_statements": 29, "percent_covered": 51.724137931034484, "percent_covered_display": "52", "missing_lines": 14, "excluded_lines": 0}, "missing_lines": [15, 16, 17, 18, 19, 20, 21, 23, 24, 45, 46, 49, 50, 51], "excluded_lines": []}}}, "backend\\code\\agent_nodes\\rag_retrieval_agent\\config_loader.py": {"executed_lines": [1, 2, 5, 6, 9, 10], "summary": {"covered_lines": 6, "num_statements": 6, "percent_covered": 100.0, "percent_covered_display": "100", "missing_lines": 0, "excluded_lines": 0}, "missing_lines": [], "excluded_lines": [], "functions": {"load_app_config": {"executed_lines": [6], "summary": {"covered_lines": 1, "num_statements": 1, "percent_covered": 100.0, "percent_covered_display": "100", "missing_lines": 0, "excluded_lines": 0}, "missing_lines": [], "excluded_lines": []}, "load_prompt_config": {"executed_lines": [10], "summary": {"covered_lines": 1, "num_statements": 1, "percent_covered": 100.0, "percent_covered_display": "100", "missing_lines": 0, "excluded_lines": 0}, "missing_lines": [], "excluded_lines": []}, "": {"executed_lines": [1, 2, 5, 9], "summary": {"covered_lines": 4, "num_statements": 4, "percent_covered": 100.0, "percent_covered_display": "100", "missing_lines": 0, "excluded_lines": 0}, "missing_lines": [], "excluded_lines": []}}, "classes": {"": {"executed_lines": [1, 2, 5, 6, 9, 10], "summary": {"covered_lines": 6, "num_statements": 6, "percent_covered": 100.0, "percent_covered_display": "100", "missing_lines": 0, "excluded_lines": 0}, "missing_lines": [], "excluded_lines": []}}}, "backend\\code\\agent_nodes\\rag_retrieval_agent\\db_ingestion.py": {"executed_lines": [], "summary": {"covered_lines": 0, "num_statements": 18, "percent_covered": 0.0, "percent_covered_display": "0", "missing_lines": 18, "excluded_lines": 0}, "missing_lines": [1, 3, 4, 13, 17, 18, 20, 21, 22, 23, 24, 29, 32, 33, 34, 35, 36, 37], "excluded_lines": [], "functions": {"insert_publications": {"executed_lines": [], "summary": {"covered_lines": 0, "num_statements": 8, "percent_covered": 0.0, "percent_covered_display": "0", "missing_lines": 8, "excluded_lines": 0}, "missing_lines": [17, 18, 20, 21, 22, 23, 24, 29], "excluded_lines": []}, "execute_db_ingestion": {"executed_lines": [], "summary": {"covered_lines": 0, "num_statements": 5, "percent_covered": 0.0, "percent_covered_display": "0", "missing_lines": 5, "excluded_lines": 0}, "missing_lines": [33, 34, 35, 36, 37], "excluded_lines": []}, "": {"executed_lines": [], "summary": {"covered_lines": 0, "num_statements": 5, "percent_covered": 0.0, "percent_covered_display": "0", "missing_lines": 5, "excluded_lines": 0}, "missing_lines": [1, 3, 4, 13, 32], "excluded_lines": []}}, "classes": {"": {"executed_lines": [], "summary": {"covered_lines": 0, "num_statements": 18, "percent_covered": 0.0, "percent_covered_display": "0", "missing_lines": 18, "excluded_lines": 0}, "missing_lines": [1, 3, 4, 13, 17, 18, 20, 21, 22, 23, 24, 29, 32, 33, 34, 35, 36, 37], "excluded_lines": []}}}, "backend\\code\\agent_nodes\\rag_retrieval_agent\\memory.py": {"executed_lines": [1, 3, 4, 6, 9, 10, 14, 22], "summary": {"covered_lines": 8, "num_statements": 18, "percent_covered": 44.44444444444444, "percent_covered_display": "44", "missing_lines": 10, "excluded_lines": 0}, "missing_lines": [23, 24, 25, 27, 38, 41, 42, 43, 44, 45], "excluded_lines": [], "functions": {"make_memory": {"executed_lines": [10, 14], "summary": {"covered_lines": 2, "num_statements": 2, "percent_covered": 100.0, "percent_covered_display": "100", "missing_lines": 0, "excluded_lines": 0}, "missing_lines": [], "excluded_lines": []}, "list_sessions": {"executed_lines": [], "summary": {"covered_lines": 0, "num_statements": 10, "percent_covered": 0.0, "percent_covered_display": "0", "missing_lines": 10, "excluded_lines": 0}, "missing_lines": [23, 24, 25, 27, 38, 41, 42, 43, 44, 45], "excluded_lines": []}, "": {"executed_lines": [1, 3, 4, 6, 9, 22], "summary": {"covered_lines": 6, "num_statements": 6, "percent_covered": 100.0, "percent_covered_display": "100", "missing_lines": 0, "excluded_lines": 0}, "missing_lines": [], "excluded_lines": []}}, "classes": {"": {"executed_lines": [1, 3, 4, 6, 9, 10, 14, 22], "summary": {"covered_lines": 8, "num_statements": 18, "percent_covered": 44.44444444444444, "percent_covered_display": "44", "missing_lines": 10, "excluded_lines": 0}, "missing_lines": [23, 24, 25, 27, 38, 41, 42, 43, 44, 45], "excluded_lines": []}}}, "backend\\code\\agent_nodes\\reviewer_node.py": {"executed_lines": [1, 3, 4, 5, 6, 7, 8, 9, 10, 13, 141], "summary": {"covered_lines": 11, "num_statements": 56, "percent_covered": 19.642857142857142, "percent_covered_display": "20", "missing_lines": 45, "excluded_lines": 0}, "missing_lines": [18, 19, 20, 22, 29, 32, 43, 47, 48, 49, 52, 59, 60, 66, 67, 68, 69, 71, 73, 83, 84, 85, 86, 87, 88, 89, 90, 92, 99, 110, 116, 126, 127, 134, 147, 148, 149, 150, 151, 153, 154, 155, 157, 166, 167], "excluded_lines": [], "functions": {"reviewer_node": {"executed_lines": [], "summary": {"covered_lines": 0, "num_statements": 34, "percent_covered": 0.0, "percent_covered_display": "0", "missing_lines": 34, "excluded_lines": 0}, "missing_lines": [18, 19, 20, 22, 29, 32, 43, 47, 48, 49, 52, 59, 60, 66, 67, 68, 69, 71, 73, 83, 84, 85, 86, 87, 88, 89, 90, 92, 99, 110, 116, 126, 127, 134], "excluded_lines": []}, "route_from_reviewer": {"executed_lines": [], "summary": {"covered_lines": 0, "num_statements": 11, "percent_covered": 0.0, "percent_covered_display": "0", "missing_lines": 11, "excluded_lines": 0}, "missing_lines": [147, 148, 149, 150, 151, 153, 154, 155, 157, 166, 167], "excluded_lines": []}, "": {"executed_lines": [1, 3, 4, 5, 6, 7, 8, 9, 10, 13, 141], "summary": {"covered_lines": 11, "num_statements": 11, "percent_covered": 100.0, "percent_covered_display": "100", "missing_lines": 0, "excluded_lines": 0}, "missing_lines": [], "excluded_lines": []}}, "classes": {"": {"executed_lines": [1, 3, 4, 5, 6, 7, 8, 9, 10, 13, 141], "summary": {"covered_lines": 11, "num_statements": 56, "percent_covered": 19.642857142857142, "percent_covered_display": "20", "missing_lines": 45, "excluded_lines": 0}, "missing_lines": [18, 19, 20, 22, 29, 32, 43, 47, 48, 49, 52, 59, 60, 66, 67, 68, 69, 71, 73, 83, 84, 85, 86, 87, 88, 89, 90, 92, 99, 110, 116, 126, 127, 134, 147, 148, 149, 150, 151, 153, 154, 155, 157, 166, 167], "excluded_lines": []}}}, "backend\\code\\agent_nodes\\synthesis_node.py": {"executed_lines": [1, 2, 3, 4, 5, 6, 7, 8, 10, 11, 13, 128, 161, 243, 289, 385], "summary": {"covered_lines": 16, "num_statements": 146, "percent_covered": 10.95890410958904, "percent_covered_display": "11", "missing_lines": 130, "excluded_lines": 0}, "missing_lines": [24, 25, 26, 28, 29, 30, 31, 32, 33, 34, 36, 47, 48, 50, 51, 56, 57, 62, 63, 69, 70, 72, 73, 74, 76, 83, 84, 89, 93, 94, 100, 104, 112, 131, 132, 134, 143, 144, 150, 159, 168, 169, 172, 173, 175, 183, 185, 192, 193, 194, 195, 197, 204, 205, 206, 207, 208, 209, 211, 213, 214, 215, 216, 218, 225, 226, 232, 234, 241, 247, 250, 251, 252, 254, 255, 256, 257, 258, 259, 260, 262, 263, 264, 265, 266, 267, 270, 271, 274, 277, 278, 281, 282, 285, 287, 293, 295, 296, 297, 298, 299, 300, 302, 305, 306, 307, 308, 309, 310, 312, 315, 316, 317, 320, 335, 336, 344, 345, 353, 354, 363, 371, 383, 388, 391, 395, 397, 419, 420, 437], "excluded_lines": [], "functions": {"synthesis_node": {"executed_lines": [], "summary": {"covered_lines": 0, "num_statements": 33, "percent_covered": 0.0, "percent_covered_display": "0", "missing_lines": 33, "excluded_lines": 0}, "missing_lines": [24, 25, 26, 28, 29, 30, 31, 32, 33, 34, 36, 47, 48, 50, 51, 56, 57, 62, 63, 69, 70, 72, 73, 74, 76, 83, 84, 89, 93, 94, 100, 104, 112], "excluded_lines": []}, "build_session_context_for_llm": {"executed_lines": [], "summary": {"covered_lines": 0, "num_statements": 7, "percent_covered": 0.0, "percent_covered_display": "0", "missing_lines": 7, "excluded_lines": 0}, "missing_lines": [131, 132, 134, 143, 144, 150, 159], "excluded_lines": []}, "execute_manager_recommended_tools": {"executed_lines": [], "summary": {"covered_lines": 0, "num_statements": 29, "percent_covered": 0.0, "percent_covered_display": "0", "missing_lines": 29, "excluded_lines": 0}, "missing_lines": [168, 169, 172, 173, 175, 183, 185, 192, 193, 194, 195, 197, 204, 205, 206, 207, 208, 209, 211, 213, 214, 215, 216, 218, 225, 226, 232, 234, 241], "excluded_lines": []}, "parse_tool_recommendations": {"executed_lines": [], "summary": {"covered_lines": 0, "num_statements": 26, "percent_covered": 0.0, "percent_covered_display": "0", "missing_lines": 26, "excluded_lines": 0}, "missing_lines": [247, 250, 251, 252, 254, 255, 256, 257, 258, 259, 260, 262, 263, 264, 265, 266, 267, 270, 271, 274, 277, 278, 281, 282, 285, 287], "excluded_lines": []}, "create_dynamic_synthesis_prompt": {"executed_lines": [], "summary": {"covered_lines": 0, "num_statements": 28, "percent_covered": 0.0, "percent_covered_display": "0", "missing_lines": 28, "excluded_lines": 0}, "missing_lines": [293, 295, 296, 297, 298, 299, 300, 302, 305, 306, 307, 308, 309, 310, 312, 315, 316, 317, 320, 335, 336, 344, 345, 353, 354, 363, 371, 383], "excluded_lines": []}, "create_fallback_response": {"executed_lines": [], "summary": {"covered_lines": 0, "num_statements": 7, "percent_covered": 0.0, "percent_covered_display": "0", "missing_lines": 7, "excluded_lines": 0}, "missing_lines": [388, 391, 395, 397, 419, 420, 437], "excluded_lines": []}, "": {"executed_lines": [1, 2, 3, 4, 5, 6, 7, 8, 10, 11, 13, 128, 161, 243, 289, 385], "summary": {"covered_lines": 16, "num_statements": 16, "percent_covered": 100.0, "percent_covered_display": "100", "missing_lines": 0, "excluded_lines": 0}, "missing_lines": [], "excluded_lines": []}}, "classes": {"": {"executed_lines": [1, 2, 3, 4, 5, 6, 7, 8, 10, 11, 13, 128, 161, 243, 289, 385], "summary": {"covered_lines": 16, "num_statements": 146, "percent_covered": 10.95890410958904, "percent_covered_display": "11", "missing_lines": 130, "excluded_lines": 0}, "missing_lines": [24, 25, 26, 28, 29, 30, 31, 32, 33, 34, 36, 47, 48, 50, 51, 56, 57, 62, 63, 69, 70, 72, 73, 74, 76, 83, 84, 89, 93, 94, 100, 104, 112, 131, 132, 134, 143, 144, 150, 159, 168, 169, 172, 173, 175, 183, 185, 192, 193, 194, 195, 197, 204, 205, 206, 207, 208, 209, 211, 213, 214, 215, 216, 218, 225, 226, 232, 234, 241, 247, 250, 251, 252, 254, 255, 256, 257, 258, 259, 260, 262, 263, 264, 265, 266, 267, 270, 271, 274, 277, 278, 281, 282, 285, 287, 293, 295, 296, 297, 298, 299, 300, 302, 305, 306, 307, 308, 309, 310, 312, 315, 316, 317, 320, 335, 336, 344, 345, 353, 354, 363, 371, 383, 388, 391, 395, 397, 419, 420, 437], "excluded_lines": []}}}, "backend\\code\\agentic_state.py": {"executed_lines": [1, 2, 3, 5, 6, 7, 8, 9, 10, 11, 12, 14, 15, 17, 18, 19, 20, 21, 22, 24, 25, 27, 28, 31, 32, 35, 36, 37, 38, 39, 42, 43, 44, 47, 48, 51, 52, 55, 56, 57, 58, 59, 62, 63, 66, 67, 68, 71, 72, 73, 76, 77, 80, 81, 82, 85, 86, 88, 89, 90, 92, 93, 95, 96, 97, 98, 99, 100, 101], "summary": {"covered_lines": 66, "num_statements": 66, "percent_covered": 100.0, "percent_covered_display": "100", "missing_lines": 0, "excluded_lines": 0}, "missing_lines": [], "excluded_lines": [], "functions": {"": {"executed_lines": [1, 2, 3, 5, 6, 7, 8, 9, 10, 11, 12, 14, 15, 17, 18, 19, 20, 21, 22, 24, 25, 27, 28, 31, 32, 35, 36, 37, 38, 39, 42, 43, 44, 47, 48, 51, 52, 55, 56, 57, 58, 59, 62, 63, 66, 67, 68, 71, 72, 73, 76, 77, 80, 81, 82, 85, 86, 88, 89, 90, 92, 93, 95, 96, 97, 98, 99, 100, 101], "summary": {"covered_lines": 66, "num_statements": 66, "percent_covered": 100.0, "percent_covered_display": "100", "missing_lines": 0, "excluded_lines": 0}, "missing_lines": [], "excluded_lines": []}}, "classes": {"ConversationTurn": {"executed_lines": [], "summary": {"covered_lines": 0, "num_statements": 0, "percent_covered": 100.0, "percent_covered_display": "100", "missing_lines": 0, "excluded_lines": 0}, "missing_lines": [], "excluded_lines": []}, "ConversationTurn.Config": {"executed_lines": [], "summary": {"covered_lines": 0, "num_statements": 0, "percent_covered": 100.0, "percent_covered_display": "100", "missing_lines": 0, "excluded_lines": 0}, "missing_lines": [], "excluded_lines": []}, "SessionContext": {"executed_lines": [], "summary": {"covered_lines": 0, "num_statements": 0, "percent_covered": 100.0, "percent_covered_display": "100", "missing_lines": 0, "excluded_lines": 0}, "missing_lines": [], "excluded_lines": []}, "SessionContext.Config": {"executed_lines": [], "summary": {"covered_lines": 0, "num_statements": 0, "percent_covered": 100.0, "percent_covered_display": "100", "missing_lines": 0, "excluded_lines": 0}, "missing_lines": [], "excluded_lines": []}, "ImmigrationState": {"executed_lines": [], "summary": {"covered_lines": 0, "num_statements": 0, "percent_covered": 100.0, "percent_covered_display": "100", "missing_lines": 0, "excluded_lines": 0}, "missing_lines": [], "excluded_lines": []}, "SearchQueries": {"executed_lines": [], "summary": {"covered_lines": 0, "num_statements": 0, "percent_covered": 100.0, "percent_covered_display": "100", "missing_lines": 0, "excluded_lines": 0}, "missing_lines": [], "excluded_lines": []}, "Reference": {"executed_lines": [], "summary": {"covered_lines": 0, "num_statements": 0, "percent_covered": 100.0, "percent_covered_display": "100", "missing_lines": 0, "excluded_lines": 0}, "missing_lines": [], "excluded_lines": []}, "References": {"executed_lines": [], "summary": {"covered_lines": 0, "num_statements": 0, "percent_covered": 100.0, "percent_covered_display": "100", "missing_lines": 0, "excluded_lines": 0}, "missing_lines": [], "excluded_lines": []}, "ReviewOutput": {"executed_lines": [], "summary": {"covered_lines": 0, "num_statements": 0, "percent_covered": 100.0, "percent_covered_display": "100", "missing_lines": 0, "excluded_lines": 0}, "missing_lines": [], "excluded_lines": []}, "": {"executed_lines": [1, 2, 3, 5, 6, 7, 8, 9, 10, 11, 12, 14, 15, 17, 18, 19, 20, 21, 22, 24, 25, 27, 28, 31, 32, 35, 36, 37, 38, 39, 42, 43, 44, 47, 48, 51, 52, 55, 56, 57, 58, 59, 62, 63, 66, 67, 68, 71, 72, 73, 76, 77, 80, 81, 82, 85, 86, 88, 89, 90, 92, 93, 95, 96, 97, 98, 99, 100, 101], "summary": {"covered_lines": 66, "num_statements": 66, "percent_covered": 100.0, "percent_covered_display": "100", "missing_lines": 0, "excluded_lines": 0}, "missing_lines": [], "excluded_lines": []}}}, "backend\\code\\api.py": {"executed_lines": [1, 2, 3, 4, 6, 7, 8, 10, 13, 21, 23, 26, 28, 36, 40, 41, 69, 70, 81, 82, 89, 90, 91, 92, 95, 96, 147, 148, 149, 150, 153, 154, 200, 201, 238, 239, 255, 256], "summary": {"covered_lines": 38, "num_statements": 153, "percent_covered": 24.836601307189543, "percent_covered_display": "25", "missing_lines": 115, "excluded_lines": 0}, "missing_lines": [43, 44, 47, 50, 51, 52, 55, 59, 60, 62, 63, 64, 66, 72, 73, 74, 75, 76, 77, 78, 84, 85, 86, 101, 103, 104, 106, 107, 110, 111, 112, 115, 116, 118, 119, 120, 122, 123, 125, 126, 129, 130, 131, 132, 133, 134, 135, 139, 140, 142, 143, 144, 158, 162, 164, 165, 168, 169, 173, 174, 177, 178, 181, 184, 186, 189, 194, 195, 197, 206, 208, 209, 211, 212, 213, 216, 217, 218, 221, 222, 224, 225, 227, 228, 230, 231, 233, 234, 235, 243, 245, 246, 247, 248, 250, 251, 252, 260, 262, 263, 265, 266, 269, 270, 272, 273, 274, 275, 277, 279, 290, 293, 295, 296, 297], "excluded_lines": [], "functions": {"log_requests": {"executed_lines": [], "summary": {"covered_lines": 0, "num_statements": 13, "percent_covered": 0.0, "percent_covered_display": "0", "missing_lines": 13, "excluded_lines": 0}, "missing_lines": [43, 44, 47, 50, 51, 52, 55, 59, 60, 62, 63, 64, 66], "excluded_lines": []}, "startup_event": {"executed_lines": [], "summary": {"covered_lines": 0, "num_statements": 7, "percent_covered": 0.0, "percent_covered_display": "0", "missing_lines": 7, "excluded_lines": 0}, "missing_lines": [72, 73, 74, 75, 76, 77, 78], "excluded_lines": []}, "shutdown_event": {"executed_lines": [], "summary": {"covered_lines": 0, "num_statements": 3, "percent_covered": 0.0, "percent_covered_display": "0", "missing_lines": 3, "excluded_lines": 0}, "missing_lines": [84, 85, 86], "excluded_lines": []}, "get_session_qa": {"executed_lines": [], "summary": {"covered_lines": 0, "num_statements": 29, "percent_covered": 0.0, "percent_covered_display": "0", "missing_lines": 29, "excluded_lines": 0}, "missing_lines": [101, 103, 104, 106, 107, 110, 111, 112, 115, 116, 118, 119, 120, 122, 123, 125, 126, 129, 130, 131, 132, 133, 134, 135, 139, 140, 142, 143, 144], "excluded_lines": []}, "query_agentic_system": {"executed_lines": [], "summary": {"covered_lines": 0, "num_statements": 17, "percent_covered": 0.0, "percent_covered_display": "0", "missing_lines": 17, "excluded_lines": 0}, "missing_lines": [158, 162, 164, 165, 168, 169, 173, 174, 177, 178, 181, 184, 186, 189, 194, 195, 197], "excluded_lines": []}, "get_session_ids": {"executed_lines": [], "summary": {"covered_lines": 0, "num_statements": 20, "percent_covered": 0.0, "percent_covered_display": "0", "missing_lines": 20, "excluded_lines": 0}, "missing_lines": [206, 208, 209, 211, 212, 213, 216, 217, 218, 221, 222, 224, 225, 227, 228, 230, 231, 233, 234, 235], "excluded_lines": []}, "get_answer_by_session_id": {"executed_lines": [], "summary": {"covered_lines": 0, "num_statements": 8, "percent_covered": 0.0, "percent_covered_display": "0", "missing_lines": 8, "excluded_lines": 0}, "missing_lines": [243, 245, 246, 247, 248, 250, 251, 252], "excluded_lines": []}, "health_check": {"executed_lines": [], "summary": {"covered_lines": 0, "num_statements": 18, "percent_covered": 0.0, "percent_covered_display": "0", "missing_lines": 18, "excluded_lines": 0}, "missing_lines": [260, 262, 263, 265, 266, 269, 270, 272, 273, 274, 275, 277, 279, 290, 293, 295, 296, 297], "excluded_lines": []}, "": {"executed_lines": [1, 2, 3, 4, 6, 7, 8, 10, 13, 21, 23, 26, 28, 36, 40, 41, 69, 70, 81, 82, 89, 90, 91, 92, 95, 96, 147, 148, 149, 150, 153, 154, 200, 201, 238, 239, 255, 256], "summary": {"covered_lines": 38, "num_statements": 38, "percent_covered": 100.0, "percent_covered_display": "100", "missing_lines": 0, "excluded_lines": 0}, "missing_lines": [], "excluded_lines": []}}, "classes": {"SessionQA": {"executed_lines": [], "summary": {"covered_lines": 0, "num_statements": 0, "percent_covered": 100.0, "percent_covered_display": "100", "missing_lines": 0, "excluded_lines": 0}, "missing_lines": [], "excluded_lines": []}, "QueryRequest": {"executed_lines": [], "summary": {"covered_lines": 0, "num_statements": 0, "percent_covered": 100.0, "percent_covered_display": "100", "missing_lines": 0, "excluded_lines": 0}, "missing_lines": [], "excluded_lines": []}, "": {"executed_lines": [1, 2, 3, 4, 6, 7, 8, 10, 13, 21, 23, 26, 28, 36, 40, 41, 69, 70, 81, 82, 89, 90, 91, 92, 95, 96, 147, 148, 149, 150, 153, 154, 200, 201, 238, 239, 255, 256], "summary": {"covered_lines": 38, "num_statements": 153, "percent_covered": 24.836601307189543, "percent_covered_display": "25", "missing_lines": 115, "excluded_lines": 0}, "missing_lines": [43, 44, 47, 50, 51, 52, 55, 59, 60, 62, 63, 64, 66, 72, 73, 74, 75, 76, 77, 78, 84, 85, 86, 101, 103, 104, 106, 107, 110, 111, 112, 115, 116, 118, 119, 120, 122, 123, 125, 126, 129, 130, 131, 132, 133, 134, 135, 139, 140, 142, 143, 144, 158, 162, 164, 165, 168, 169, 173, 174, 177, 178, 181, 184, 186, 189, 194, 195, 197, 206, 208, 209, 211, 212, 213, 216, 217, 218, 221, 222, 224, 225, 227, 228, 230, 231, 233, 234, 235, 243, 245, 246, 247, 248, 250, 251, 252, 260, 262, 263, 265, 266, 269, 270, 272, 273, 274, 275, 277, 279, 290, 293, 295, 296, 297], "excluded_lines": []}}}, "backend\\code\\cli.py": {"executed_lines": [], "summary": {"covered_lines": 0, "num_statements": 116, "percent_covered": 0.0, "percent_covered_display": "0", "missing_lines": 116, "excluded_lines": 0}, "missing_lines": [13, 14, 15, 16, 17, 18, 21, 24, 25, 27, 30, 33, 35, 41, 42, 44, 45, 52, 55, 56, 57, 58, 61, 63, 70, 73, 74, 78, 83, 88, 94, 100, 106, 109, 110, 111, 112, 113, 114, 122, 123, 126, 127, 128, 130, 131, 133, 134, 140, 141, 142, 150, 156, 157, 159, 160, 166, 167, 172, 173, 174, 180, 183, 184, 185, 192, 193, 199, 203, 206, 207, 209, 210, 211, 212, 213, 214, 215, 216, 218, 219, 223, 226, 227, 229, 230, 237, 238, 244, 245, 248, 249, 256, 257, 258, 259, 261, 270, 271, 272, 280, 281, 283, 284, 290, 291, 297, 299, 305, 306, 307, 317, 318, 323, 326, 327], "excluded_lines": [], "functions": {"sanitize_session_id": {"executed_lines": [], "summary": {"covered_lines": 0, "num_statements": 12, "percent_covered": 0.0, "percent_covered_display": "0", "missing_lines": 12, "excluded_lines": 0}, "missing_lines": [41, 42, 44, 45, 52, 55, 56, 57, 58, 61, 63, 70], "excluded_lines": []}, "main": {"executed_lines": [], "summary": {"covered_lines": 0, "num_statements": 88, "percent_covered": 0.0, "percent_covered_display": "0", "missing_lines": 88, "excluded_lines": 0}, "missing_lines": [74, 78, 83, 88, 94, 100, 106, 109, 110, 111, 112, 113, 114, 122, 123, 126, 127, 128, 130, 131, 133, 134, 140, 141, 142, 150, 156, 157, 159, 160, 166, 167, 172, 173, 174, 180, 183, 184, 185, 192, 193, 199, 203, 206, 207, 209, 210, 211, 212, 213, 214, 215, 216, 218, 219, 223, 226, 227, 229, 230, 237, 238, 244, 245, 248, 249, 256, 257, 258, 259, 261, 270, 271, 272, 280, 281, 283, 284, 290, 291, 297, 299, 305, 306, 307, 317, 318, 323], "excluded_lines": []}, "": {"executed_lines": [], "summary": {"covered_lines": 0, "num_statements": 16, "percent_covered": 0.0, "percent_covered_display": "0", "missing_lines": 16, "excluded_lines": 0}, "missing_lines": [13, 14, 15, 16, 17, 18, 21, 24, 25, 27, 30, 33, 35, 73, 326, 327], "excluded_lines": []}}, "classes": {"": {"executed_lines": [], "summary": {"covered_lines": 0, "num_statements": 116, "percent_covered": 0.0, "percent_covered_display": "0", "missing_lines": 116, "excluded_lines": 0}, "missing_lines": [13, 14, 15, 16, 17, 18, 21, 24, 25, 27, 30, 33, 35, 41, 42, 44, 45, 52, 55, 56, 57, 58, 61, 63, 70, 73, 74, 78, 83, 88, 94, 100, 106, 109, 110, 111, 112, 113, 114, 122, 123, 126, 127, 128, 130, 131, 133, 134, 140, 141, 142, 150, 156, 157, 159, 160, 166, 167, 172, 173, 174, 180, 183, 184, 185, 192, 193, 199, 203, 206, 207, 209, 210, 211, 212, 213, 214, 215, 216, 218, 219, 223, 226, 227, 229, 230, 237, 238, 244, 245, 248, 249, 256, 257, 258, 259, 261, 270, 271, 272, 280, 281, 283, 284, 290, 291, 297, 299, 305, 306, 307, 317, 318, 323, 326, 327], "excluded_lines": []}}}, "backend\\code\\embed_documents.py": {"executed_lines": [], "summary": {"covered_lines": 0, "num_statements": 3, "percent_covered": 0.0, "percent_covered_display": "0", "missing_lines": 3, "excluded_lines": 0}, "missing_lines": [1, 3, 4], "excluded_lines": [], "functions": {"": {"executed_lines": [], "summary": {"covered_lines": 0, "num_statements": 3, "percent_covered": 0.0, "percent_covered_display": "0", "missing_lines": 3, "excluded_lines": 0}, "missing_lines": [1, 3, 4], "excluded_lines": []}}, "classes": {"": {"executed_lines": [], "summary": {"covered_lines": 0, "num_statements": 3, "percent_covered": 0.0, "percent_covered_display": "0", "missing_lines": 3, "excluded_lines": 0}, "missing_lines": [1, 3, 4], "excluded_lines": []}}}, "backend\\code\\graph_workflow.py": {"executed_lines": [1, 2, 3, 4, 5, 6, 7, 8, 9, 10, 11, 12, 13, 14, 15, 17, 18, 19, 25, 57, 254, 315, 342, 565, 575], "summary": {"covered_lines": 25, "num_statements": 223, "percent_covered": 11.210762331838565, "percent_covered_display": "11", "missing_lines": 198, "excluded_lines": 0}, "missing_lines": [22, 29, 31, 34, 35, 36, 39, 41, 42, 43, 45, 54, 55, 70, 77, 78, 79, 80, 81, 87, 88, 89, 90, 92, 95, 126, 133, 134, 136, 138, 140, 147, 148, 150, 157, 158, 161, 162, 169, 170, 171, 174, 182, 186, 196, 197, 206, 211, 212, 214, 215, 223, 224, 225, 226, 228, 237, 238, 243, 252, 259, 260, 261, 262, 264, 265, 267, 275, 276, 279, 281, 282, 286, 288, 289, 291, 301, 303, 305, 306, 319, 321, 322, 323, 325, 326, 327, 329, 330, 332, 334, 335, 355, 357, 365, 366, 367, 370, 371, 376, 385, 387, 388, 389, 391, 396, 398, 399, 407, 408, 416, 420, 422, 423, 426, 427, 429, 431, 433, 438, 439, 440, 445, 446, 447, 448, 453, 457, 468, 469, 470, 471, 472, 473, 476, 477, 478, 479, 480, 481, 484, 485, 488, 489, 492, 493, 496, 498, 500, 501, 509, 512, 551, 552, 553, 554, 557, 558, 563, 569, 570, 571, 572, 573, 576, 577, 578, 581, 583, 590, 592, 593, 594, 596, 597, 599, 600, 601, 602, 603, 604, 605, 607, 609, 610, 612, 614, 617, 618, 619, 620, 621, 622, 623, 625, 626, 627, 629], "excluded_lines": [], "functions": {"create_ask_immigrate_graph": {"executed_lines": [], "summary": {"covered_lines": 0, "num_statements": 12, "percent_covered": 0.0, "percent_covered_display": "0", "missing_lines": 12, "excluded_lines": 0}, "missing_lines": [29, 31, 34, 35, 36, 39, 41, 42, 43, 45, 54, 55], "excluded_lines": []}, "create_initial_state": {"executed_lines": [], "summary": {"covered_lines": 0, "num_statements": 47, "percent_covered": 0.0, "percent_covered_display": "0", "missing_lines": 47, "excluded_lines": 0}, "missing_lines": [70, 77, 78, 79, 80, 81, 87, 88, 89, 90, 92, 95, 126, 133, 134, 136, 138, 140, 147, 148, 150, 157, 158, 161, 162, 169, 170, 171, 174, 182, 186, 196, 197, 206, 211, 212, 214, 215, 223, 224, 225, 226, 228, 237, 238, 243, 252], "excluded_lines": []}, "save_conversation_result": {"executed_lines": [], "summary": {"covered_lines": 0, "num_statements": 20, "percent_covered": 0.0, "percent_covered_display": "0", "missing_lines": 20, "excluded_lines": 0}, "missing_lines": [259, 260, 261, 262, 264, 265, 267, 275, 276, 279, 281, 282, 286, 288, 289, 291, 301, 303, 305, 306], "excluded_lines": []}, "visualize_graph": {"executed_lines": [], "summary": {"covered_lines": 0, "num_statements": 12, "percent_covered": 0.0, "percent_covered_display": "0", "missing_lines": 12, "excluded_lines": 0}, "missing_lines": [319, 321, 322, 323, 325, 326, 327, 329, 330, 332, 334, 335], "excluded_lines": []}, "run_agentic_askimmigrate": {"executed_lines": [], "summary": {"covered_lines": 0, "num_statements": 67, "percent_covered": 0.0, "percent_covered_display": "0", "missing_lines": 67, "excluded_lines": 0}, "missing_lines": [355, 357, 365, 366, 367, 370, 371, 376, 385, 387, 388, 389, 391, 396, 398, 399, 407, 408, 416, 420, 422, 423, 426, 427, 429, 431, 433, 438, 439, 440, 445, 446, 447, 448, 453, 457, 468, 469, 470, 471, 472, 473, 476, 477, 478, 479, 480, 481, 484, 485, 488, 489, 492, 493, 496, 498, 500, 501, 509, 512, 551, 552, 553, 554, 557, 558, 563], "excluded_lines": []}, "list_sessions": {"executed_lines": [], "summary": {"covered_lines": 0, "num_statements": 5, "percent_covered": 0.0, "percent_covered_display": "0", "missing_lines": 5, "excluded_lines": 0}, "missing_lines": [569, 570, 571, 572, 573], "excluded_lines": []}, "": {"executed_lines": [1, 2, 3, 4, 5, 6, 7, 8, 9, 10, 11, 12, 13, 14, 15, 17, 18, 19, 25, 57, 254, 315, 342, 565, 575], "summary": {"covered_lines": 25, "num_statements": 60, "percent_covered": 41.666666666666664, "percent_covered_display": "42", "missing_lines": 35, "excluded_lines": 0}, "missing_lines": [22, 576, 577, 578, 581, 583, 590, 592, 593, 594, 596, 597, 599, 600, 601, 602, 603, 604, 605, 607, 609, 610, 612, 614, 617, 618, 619, 620, 621, 622, 623, 625, 626, 627, 629], "excluded_lines": []}}, "classes": {"": {"executed_lines": [1, 2, 3, 4, 5, 6, 7, 8, 9, 10, 11, 12, 13, 14, 15, 17, 18, 19, 25, 57, 254, 315, 342, 565, 575], "summary": {"covered_lines": 25, "num_statements": 223, "percent_covered": 11.210762331838565, "percent_covered_display": "11", "missing_lines": 198, "excluded_lines": 0}, "missing_lines": [22, 29, 31, 34, 35, 36, 39, 41, 42, 43, 45, 54, 55, 70, 77, 78, 79, 80, 81, 87, 88, 89, 90, 92, 95, 126, 133, 134, 136, 138, 140, 147, 148, 150, 157, 158, 161, 162, 169, 170, 171, 174, 182, 186, 196, 197, 206, 211, 212, 214, 215, 223, 224, 225, 226, 228, 237, 238, 243, 252, 259, 260, 261, 262, 264, 265, 267, 275, 276, 279, 281, 282, 286, 288, 289, 291, 301, 303, 305, 306, 319, 321, 322, 323, 325, 326, 327, 329, 330, 332, 334, 335, 355, 357, 365, 366, 367, 370, 371, 376, 385, 387, 388, 389, 391, 396, 398, 399, 407, 408, 416, 420, 422, 423, 426, 427, 429, 431, 433, 438, 439, 440, 445, 446, 447, 448, 453, 457, 468, 469, 470, 471, 472, 473, 476, 477, 478, 479, 480, 481, 484, 485, 488, 489, 492, 493, 496, 498, 500, 501, 509, 512, 551, 552, 553, 554, 557, 558, 563, 569, 570, 571, 572, 573, 576, 577, 578, 581, 583, 590, 592, 593, 594, 596, 597, 599, 600, 601, 602, 603, 604, 605, 607, 609, 610, 612, 614, 617, 618, 619, 620, 621, 622, 623, 625, 626, 627, 629], "excluded_lines": []}}}, "backend\\code\\input_validation.py": {"executed_lines": [1, 10, 11, 12, 13, 14, 15, 17, 18, 19, 20, 21, 22, 23, 24, 25, 27, 28, 40, 41, 42, 45, 61, 70, 78, 80, 84, 89, 101, 102, 112, 113, 122, 128, 129, 130, 133, 134, 135, 144, 156, 157, 159, 160, 161, 162, 165, 166, 167, 170, 173, 174, 176, 178, 187, 196, 206, 207, 209, 210, 212, 213, 216, 217, 219, 220, 222, 224, 226, 229, 230, 231, 232, 235, 236, 237, 238, 241, 242, 243, 244, 246, 248, 251, 254, 257, 260, 263, 265, 267, 269, 272, 277, 278, 280, 281, 284, 285, 286, 287, 288, 290, 291, 292, 294, 297, 298, 300, 301, 302, 304, 306, 308, 309, 311, 312, 315, 321, 322, 325, 326, 329, 330, 332, 343, 345, 355], "summary": {"covered_lines": 123, "num_statements": 125, "percent_covered": 98.4, "percent_covered_display": "98", "missing_lines": 2, "excluded_lines": 0}, "missing_lines": [145, 146], "excluded_lines": [], "functions": {"InputValidator.__init__": {"executed_lines": [80, 84], "summary": {"covered_lines": 2, "num_statements": 2, "percent_covered": 100.0, "percent_covered_display": "100", "missing_lines": 0, "excluded_lines": 0}, "missing_lines": [], "excluded_lines": []}, "InputValidator.validate_query": {"executed_lines": [101, 102, 112, 113, 122, 128, 129, 130, 133, 134, 135, 144, 156, 157, 159, 160, 161, 162, 165, 166, 167, 170, 173, 174, 176, 178, 187], "summary": {"covered_lines": 27, "num_statements": 29, "percent_covered": 93.10344827586206, "percent_covered_display": "93", "missing_lines": 2, "excluded_lines": 0}, "missing_lines": [145, 146], "excluded_lines": []}, "InputValidator.validate_session_id": {"executed_lines": [206, 207, 209, 210, 212, 213, 216, 217, 219, 220, 222], "summary": {"covered_lines": 11, "num_statements": 11, "percent_covered": 100.0, "percent_covered_display": "100", "missing_lines": 0, "excluded_lines": 0}, "missing_lines": [], "excluded_lines": []}, "InputValidator._detect_injection_attempts": {"executed_lines": [226, 229, 230, 231, 232, 235, 236, 237, 238, 241, 242, 243, 244, 246], "summary": {"covered_lines": 14, "num_statements": 14, "percent_covered": 100.0, "percent_covered_display": "100", "missing_lines": 0, "excluded_lines": 0}, "missing_lines": [], "excluded_lines": []}, "InputValidator._sanitize_input": {"executed_lines": [251, 254, 257, 260, 263, 265], "summary": {"covered_lines": 6, "num_statements": 6, "percent_covered": 100.0, "percent_covered_display": "100", "missing_lines": 0, "excluded_lines": 0}, "missing_lines": [], "excluded_lines": []}, "InputValidator._validate_content": {"executed_lines": [269, 272, 277, 278, 280, 281, 284, 285, 286, 287, 288, 290, 291, 292, 294], "summary": {"covered_lines": 15, "num_statements": 15, "percent_covered": 100.0, "percent_covered_display": "100", "missing_lines": 0, "excluded_lines": 0}, "missing_lines": [], "excluded_lines": []}, "RateLimiter.__init__": {"executed_lines": [301, 302], "summary": {"covered_lines": 2, "num_statements": 2, "percent_covered": 100.0, "percent_covered_display": "100", "missing_lines": 0, "excluded_lines": 0}, "missing_lines": [], "excluded_lines": []}, "RateLimiter.is_allowed": {"executed_lines": [306, 308, 309, 311, 312, 315, 321, 322, 325, 326], "summary": {"covered_lines": 10, "num_statements": 10, "percent_covered": 100.0, "percent_covered_display": "100", "missing_lines": 0, "excluded_lines": 0}, "missing_lines": [], "excluded_lines": []}, "validate_immigration_query": {"executed_lines": [343], "summary": {"covered_lines": 1, "num_statements": 1, "percent_covered": 100.0, "percent_covered_display": "100", "missing_lines": 0, "excluded_lines": 0}, "missing_lines": [], "excluded_lines": []}, "check_rate_limit": {"executed_lines": [355], "summary": {"covered_lines": 1, "num_statements": 1, "percent_covered": 100.0, "percent_covered_display": "100", "missing_lines": 0, "excluded_lines": 0}, "missing_lines": [], "excluded_lines": []}, "": {"executed_lines": [1, 10, 11, 12, 13, 14, 15, 17, 18, 19, 20, 21, 22, 23, 24, 25, 27, 28, 40, 41, 42, 45, 61, 70, 78, 89, 196, 224, 248, 267, 297, 298, 300, 304, 329, 330, 332, 345], "summary": {"covered_lines": 34, "num_statements": 34, "percent_covered": 100.0, "percent_covered_display": "100", "missing_lines": 0, "excluded_lines": 0}, "missing_lines": [], "excluded_lines": []}}, "classes": {"ValidationResult": {"executed_lines": [], "summary": {"covered_lines": 0, "num_statements": 0, "percent_covered": 100.0, "percent_covered_display": "100", "missing_lines": 0, "excluded_lines": 0}, "missing_lines": [], "excluded_lines": []}, "InputValidator": {"executed_lines": [80, 84, 101, 102, 112, 113, 122, 128, 129, 130, 133, 134, 135, 144, 156, 157, 159, 160, 161, 162, 165, 166, 167, 170, 173, 174, 176, 178, 187, 206, 207, 209, 210, 212, 213, 216, 217, 219, 220, 222, 226, 229, 230, 231, 232, 235, 236, 237, 238, 241, 242, 243, 244, 246, 251, 254, 257, 260, 263, 265, 269, 272, 277, 278, 280, 281, 284, 285, 286, 287, 288, 290, 291, 292, 294], "summary": {"covered_lines": 75, "num_statements": 77, "percent_covered": 97.40259740259741, "percent_covered_display": "97", "missing_lines": 2, "excluded_lines": 0}, "missing_lines": [145, 146], "excluded_lines": []}, "RateLimiter": {"executed_lines": [301, 302, 306, 308, 309, 311, 312, 315, 321, 322, 325, 326], "summary": {"covered_lines": 12, "num_statements": 12, "percent_covered": 100.0, "percent_covered_display": "100", "missing_lines": 0, "excluded_lines": 0}, "missing_lines": [], "excluded_lines": []}, "": {"executed_lines": [1, 10, 11, 12, 13, 14, 15, 17, 18, 19, 20, 21, 22, 23, 24, 25, 27, 28, 40, 41, 42, 45, 61, 70, 78, 89, 196, 224, 248, 267, 297, 298, 300, 304, 329, 330, 332, 343, 345, 355], "summary": {"covered_lines": 36, "num_statements": 36, "percent_covered": 100.0, "percent_covered_display": "100", "missing_lines": 0, "excluded_lines": 0}, "missing_lines": [], "excluded_lines": []}}}, "backend\\code\\llm.py": {"executed_lines": [1, 2, 3, 4, 6, 9, 10, 12, 14, 15], "summary": {"covered_lines": 10, "num_statements": 13, "percent_covered": 76.92307692307692, "percent_covered_display": "77", "missing_lines": 3, "excluded_lines": 0}, "missing_lines": [11, 13, 17], "excluded_lines": [], "functions": {"get_llm": {"executed_lines": [10, 12, 14, 15], "summary": {"covered_lines": 4, "num_statements": 7, "percent_covered": 57.142857142857146, "percent_covered_display": "57", "missing_lines": 3, "excluded_lines": 0}, "missing_lines": [11, 13, 17], "excluded_lines": []}, "": {"executed_lines": [1, 2, 3, 4, 6, 9], "summary": {"covered_lines": 6, "num_statements": 6, "percent_covered": 100.0, "percent_covered_display": "100", "missing_lines": 0, "excluded_lines": 0}, "missing_lines": [], "excluded_lines": []}}, "classes": {"": {"executed_lines": [1, 2, 3, 4, 6, 9, 10, 12, 14, 15], "summary": {"covered_lines": 10, "num_statements": 13, "percent_covered": 76.92307692307692, "percent_covered_display": "77", "missing_lines": 3, "excluded_lines": 0}, "missing_lines": [11, 13, 17], "excluded_lines": []}}}, "backend\\code\\paths.py": {"executed_lines": [1, 4, 10, 11, 12, 13, 14, 15, 19, 20, 21, 22], "summary": {"covered_lines": 12, "num_statements": 12, "percent_covered": 100.0, "percent_covered_display": "100", "missing_lines": 0, "excluded_lines": 0}, "missing_lines": [], "excluded_lines": [], "functions": {"": {"executed_lines": [1, 4, 10, 11, 12, 13, 14, 15, 19, 20, 21, 22], "summary": {"covered_lines": 12, "num_statements": 12, "percent_covered": 100.0, "percent_covered_display": "100", "missing_lines": 0, "excluded_lines": 0}, "missing_lines": [], "excluded_lines": []}}, "classes": {"": {"executed_lines": [1, 4, 10, 11, 12, 13, 14, 15, 19, 20, 21, 22], "summary": {"covered_lines": 12, "num_statements": 12, "percent_covered": 100.0, "percent_covered_display": "100", "missing_lines": 0, "excluded_lines": 0}, "missing_lines": [], "excluded_lines": []}}}, "backend\\code\\prompt_builder.py": {"executed_lines": [1, 4, 13, 16, 26, 29, 30, 33, 38, 40, 41, 43, 44, 46, 48, 49, 51, 58, 65, 70, 78, 81, 82, 88, 89, 94, 95, 98, 116], "summary": {"covered_lines": 29, "num_statements": 67, "percent_covered": 43.28358208955224, "percent_covered_display": "43", "missing_lines": 38, "excluded_lines": 0}, "missing_lines": [27, 45, 52, 59, 66, 71, 72, 73, 74, 76, 79, 90, 91, 92, 105, 106, 107, 108, 109, 110, 112, 113, 132, 135, 136, 137, 138, 141, 142, 147, 148, 151, 152, 155, 156, 159, 160, 167], "excluded_lines": [], "functions": {"lowercase_first_char": {"executed_lines": [13], "summary": {"covered_lines": 1, "num_statements": 1, "percent_covered": 100.0, "percent_covered_display": "100", "missing_lines": 0, "excluded_lines": 0}, "missing_lines": [], "excluded_lines": []}, "format_prompt_section": {"executed_lines": [26, 29, 30], "summary": {"covered_lines": 3, "num_statements": 4, "percent_covered": 75.0, "percent_covered_display": "75", "missing_lines": 1, "excluded_lines": 0}, "missing_lines": [27], "excluded_lines": []}, "build_prompt_from_config": {"executed_lines": [38, 40, 41, 43, 44, 46, 48, 49, 51, 58, 65, 70, 78, 81, 82, 88, 89, 94, 95], "summary": {"covered_lines": 19, "num_statements": 32, "percent_covered": 59.375, "percent_covered_display": "59", "missing_lines": 13, "excluded_lines": 0}, "missing_lines": [45, 52, 59, 66, 71, 72, 73, 74, 76, 79, 90, 91, 92], "excluded_lines": []}, "print_prompt_preview": {"executed_lines": [], "summary": {"covered_lines": 0, "num_statements": 8, "percent_covered": 0.0, "percent_covered_display": "0", "missing_lines": 8, "excluded_lines": 0}, "missing_lines": [105, 106, 107, 108, 109, 110, 112, 113], "excluded_lines": []}, "build_system_prompt_from_config": {"executed_lines": [], "summary": {"covered_lines": 0, "num_statements": 16, "percent_covered": 0.0, "percent_covered_display": "0", "missing_lines": 16, "excluded_lines": 0}, "missing_lines": [132, 135, 136, 137, 138, 141, 142, 147, 148, 151, 152, 155, 156, 159, 160, 167], "excluded_lines": []}, "": {"executed_lines": [1, 4, 16, 33, 98, 116], "summary": {"covered_lines": 6, "num_statements": 6, "percent_covered": 100.0, "percent_covered_display": "100", "missing_lines": 0, "excluded_lines": 0}, "missing_lines": [], "excluded_lines": []}}, "classes": {"": {"executed_lines": [1, 4, 13, 16, 26, 29, 30, 33, 38, 40, 41, 43, 44, 46, 48, 49, 51, 58, 65, 70, 78, 81, 82, 88, 89, 94, 95, 98, 116], "summary": {"covered_lines": 29, "num_statements": 67, "percent_covered": 43.28358208955224, "percent_covered_display": "43", "missing_lines": 38, "excluded_lines": 0}, "missing_lines": [27, 45, 52, 59, 66, 71, 72, 73, 74, 76, 79, 90, 91, 92, 105, 106, 107, 108, 109, 110, 112, 113, 132, 135, 136, 137, 138, 141, 142, 147, 148, 151, 152, 155, 156, 159, 160, 167], "excluded_lines": []}}}, "backend\\code\\retry_logic.py": {"executed_lines": [1, 10, 11, 12, 13, 14, 15, 17, 18, 19, 20, 21, 22, 23, 24, 26, 27, 28, 30, 31, 32, 34, 35, 36, 38, 39, 40, 42, 53, 65, 77, 86, 93, 96, 97, 100, 101, 103, 115, 118, 121, 122, 123, 124, 126, 128, 144, 147, 148, 150, 151, 152, 153, 155, 156, 157, 166, 169, 170, 178, 180, 181, 184, 190, 191, 200, 203, 205, 217, 222, 223, 226, 241, 249, 256, 258, 273, 281, 287, 289, 304, 312, 318, 321, 322, 331, 337, 338, 339, 341, 342, 343, 345, 349, 353, 368, 369, 371, 372, 378, 383, 385, 386, 389, 390, 391, 392, 397, 399, 400, 401, 403, 404, 405, 412, 415, 421, 428, 439, 440, 441, 443, 445, 456, 457, 458, 460], "summary": {"covered_lines": 120, "num_statements": 124, "percent_covered": 96.7741935483871, "percent_covered_display": "97", "missing_lines": 4, "excluded_lines": 0}, "missing_lines": [145, 220, 347, 351], "excluded_lines": [], "functions": {"is_retryable_error": {"executed_lines": [53, 65, 77, 86, 93, 96, 97, 100, 101], "summary": {"covered_lines": 9, "num_statements": 9, "percent_covered": 100.0, "percent_covered_display": "100", "missing_lines": 0, "excluded_lines": 0}, "missing_lines": [], "excluded_lines": []}, "calculate_delay": {"executed_lines": [115, 118, 121, 122, 123, 124, 126], "summary": {"covered_lines": 7, "num_statements": 7, "percent_covered": 100.0, "percent_covered_display": "100", "missing_lines": 0, "excluded_lines": 0}, "missing_lines": [], "excluded_lines": []}, "retry_with_backoff": {"executed_lines": [144, 147, 148, 150, 151, 223], "summary": {"covered_lines": 6, "num_statements": 7, "percent_covered": 85.71428571428571, "percent_covered_display": "86", "missing_lines": 1, "excluded_lines": 0}, "missing_lines": [145], "excluded_lines": []}, "retry_with_backoff.decorator": {"executed_lines": [152, 222], "summary": {"covered_lines": 2, "num_statements": 2, "percent_covered": 100.0, "percent_covered_display": "100", "missing_lines": 0, "excluded_lines": 0}, "missing_lines": [], "excluded_lines": []}, "retry_with_backoff.decorator.wrapper": {"executed_lines": [153, 155, 156, 157, 166, 169, 170, 178, 180, 181, 184, 190, 191, 200, 203, 205, 217], "summary": {"covered_lines": 17, "num_statements": 18, "percent_covered": 94.44444444444444, "percent_covered_display": "94", "missing_lines": 1, "excluded_lines": 0}, "missing_lines": [220], "excluded_lines": []}, "retry_llm_call": {"executed_lines": [241, 249, 256], "summary": {"covered_lines": 3, "num_statements": 3, "percent_covered": 100.0, "percent_covered_display": "100", "missing_lines": 0, "excluded_lines": 0}, "missing_lines": [], "excluded_lines": []}, "retry_tool_call": {"executed_lines": [273, 281, 287], "summary": {"covered_lines": 3, "num_statements": 3, "percent_covered": 100.0, "percent_covered_display": "100", "missing_lines": 0, "excluded_lines": 0}, "missing_lines": [], "excluded_lines": []}, "retry_database_operation": {"executed_lines": [304, 312, 318], "summary": {"covered_lines": 3, "num_statements": 3, "percent_covered": 100.0, "percent_covered_display": "100", "missing_lines": 0, "excluded_lines": 0}, "missing_lines": [], "excluded_lines": []}, "CircuitBreaker.__init__": {"executed_lines": [337, 338, 339, 341, 342, 343], "summary": {"covered_lines": 6, "num_statements": 6, "percent_covered": 100.0, "percent_covered_display": "100", "missing_lines": 0, "excluded_lines": 0}, "missing_lines": [], "excluded_lines": []}, "CircuitBreaker.is_open": {"executed_lines": [], "summary": {"covered_lines": 0, "num_statements": 1, "percent_covered": 0.0, "percent_covered_display": "0", "missing_lines": 1, "excluded_lines": 0}, "missing_lines": [347], "excluded_lines": []}, "CircuitBreaker.is_half_open": {"executed_lines": [], "summary": {"covered_lines": 0, "num_statements": 1, "percent_covered": 0.0, "percent_covered_display": "0", "missing_lines": 1, "excluded_lines": 0}, "missing_lines": [351], "excluded_lines": []}, "CircuitBreaker.call": {"executed_lines": [368, 369, 371, 372, 378, 383, 385, 386, 389, 390, 391, 392, 397, 399, 400, 401, 403, 404, 405, 412], "summary": {"covered_lines": 20, "num_statements": 20, "percent_covered": 100.0, "percent_covered_display": "100", "missing_lines": 0, "excluded_lines": 0}, "missing_lines": [], "excluded_lines": []}, "wrap_llm_call_with_retry": {"executed_lines": [439, 440, 443], "summary": {"covered_lines": 3, "num_statements": 3, "percent_covered": 100.0, "percent_covered_display": "100", "missing_lines": 0, "excluded_lines": 0}, "missing_lines": [], "excluded_lines": []}, "wrap_llm_call_with_retry.wrapped_llm_call": {"executed_lines": [441], "summary": {"covered_lines": 1, "num_statements": 1, "percent_covered": 100.0, "percent_covered_display": "100", "missing_lines": 0, "excluded_lines": 0}, "missing_lines": [], "excluded_lines": []}, "wrap_tool_call_with_retry": {"executed_lines": [456, 457, 460], "summary": {"covered_lines": 3, "num_statements": 3, "percent_covered": 100.0, "percent_covered_display": "100", "missing_lines": 0, "excluded_lines": 0}, "missing_lines": [], "excluded_lines": []}, "wrap_tool_call_with_retry.wrapped_tool_call": {"executed_lines": [458], "summary": {"covered_lines": 1, "num_statements": 1, "percent_covered": 100.0, "percent_covered_display": "100", "missing_lines": 0, "excluded_lines": 0}, "missing_lines": [], "excluded_lines": []}, "": {"executed_lines": [1, 10, 11, 12, 13, 14, 15, 17, 18, 19, 20, 21, 22, 23, 24, 26, 27, 28, 30, 31, 32, 34, 35, 36, 38, 39, 40, 42, 103, 128, 226, 258, 289, 321, 322, 331, 345, 349, 353, 415, 421, 428, 445], "summary": {"covered_lines": 36, "num_statements": 36, "percent_covered": 100.0, "percent_covered_display": "100", "missing_lines": 0, "excluded_lines": 0}, "missing_lines": [], "excluded_lines": []}}, "classes": {"RetryConfig": {"executed_lines": [], "summary": {"covered_lines": 0, "num_statements": 0, "percent_covered": 100.0, "percent_covered_display": "100", "missing_lines": 0, "excluded_lines": 0}, "missing_lines": [], "excluded_lines": []}, "RetryableError": {"executed_lines": [], "summary": {"covered_lines": 0, "num_statements": 0, "percent_covered": 100.0, "percent_covered_display": "100", "missing_lines": 0, "excluded_lines": 0}, "missing_lines": [], "excluded_lines": []}, "LLMRetryableError": {"executed_lines": [], "summary": {"covered_lines": 0, "num_statements": 0, "percent_covered": 100.0, "percent_covered_display": "100", "missing_lines": 0, "excluded_lines": 0}, "missing_lines": [], "excluded_lines": []}, "ToolRetryableError": {"executed_lines": [], "summary": {"covered_lines": 0, "num_statements": 0, "percent_covered": 100.0, "percent_covered_display": "100", "missing_lines": 0, "excluded_lines": 0}, "missing_lines": [], "excluded_lines": []}, "DatabaseRetryableError": {"executed_lines": [], "summary": {"covered_lines": 0, "num_statements": 0, "percent_covered": 100.0, "percent_covered_display": "100", "missing_lines": 0, "excluded_lines": 0}, "missing_lines": [], "excluded_lines": []}, "CircuitBreaker": {"executed_lines": [337, 338, 339, 341, 342, 343, 368, 369, 371, 372, 378, 383, 385, 386, 389, 390, 391, 392, 397, 399, 400, 401, 403, 404, 405, 412], "summary": {"covered_lines": 26, "num_statements": 28, "percent_covered": 92.85714285714286, "percent_covered_display": "93", "missing_lines": 2, "excluded_lines": 0}, "missing_lines": [347, 351], "excluded_lines": []}, "": {"executed_lines": [1, 10, 11, 12, 13, 14, 15, 17, 18, 19, 20, 21, 22, 23, 24, 26, 27, 28, 30, 31, 32, 34, 35, 36, 38, 39, 40, 42, 53, 65, 77, 86, 93, 96, 97, 100, 101, 103, 115, 118, 121, 122, 123, 124, 126, 128, 144, 147, 148, 150, 151, 152, 153, 155, 156, 157, 166, 169, 170, 178, 180, 181, 184, 190, 191, 200, 203, 205, 217, 222, 223, 226, 241, 249, 256, 258, 273, 281, 287, 289, 304, 312, 318, 321, 322, 331, 345, 349, 353, 415, 421, 428, 439, 440, 441, 443, 445, 456, 457, 458, 460], "summary": {"covered_lines": 94, "num_statements": 96, "percent_covered": 97.91666666666667, "percent_covered_display": "98", "missing_lines": 2, "excluded_lines": 0}, "missing_lines": [145, 220], "excluded_lines": []}}}, "backend\\code\\session_manager.py": {"executed_lines": [1, 2, 3, 4, 5, 6, 7, 8, 11, 13, 15, 16, 27, 28, 29, 30, 32, 38, 42, 45, 46, 52, 54, 63, 64, 65, 67, 68, 70, 81, 98, 104, 105, 106, 108, 109, 111, 114, 124, 136, 137, 139, 145, 147, 148, 149, 150, 153, 154, 159, 160, 161, 168, 171, 210, 221, 222, 226, 227, 228, 229, 232, 239, 243, 247, 248, 249, 250, 258, 259, 270, 273, 282, 294, 295, 296, 300, 307, 314, 315, 316, 318, 320, 322, 327, 328, 330, 335, 337, 339, 342, 360, 363, 375, 377, 382, 387, 388, 423, 434, 435, 441, 443, 444, 455, 456, 457, 458, 468, 469, 472, 473, 474, 475, 476, 478, 479, 480, 481, 484, 485, 487, 495, 502, 514, 517, 519, 520, 521, 523, 526, 527, 528, 529, 532, 533, 534, 536, 537, 540, 541, 542, 543, 544, 546, 559, 564, 576, 585, 588, 591, 594, 596, 602, 606, 607, 608, 610, 611, 612, 614, 619, 620, 622, 623, 635, 637, 639, 640, 641, 643, 649, 660, 679, 680, 682, 715, 739], "summary": {"covered_lines": 177, "num_statements": 263, "percent_covered": 67.30038022813689, "percent_covered_display": "67", "missing_lines": 86, "excluded_lines": 0}, "missing_lines": [39, 112, 116, 117, 122, 140, 141, 142, 143, 173, 176, 183, 188, 189, 191, 192, 200, 201, 208, 244, 245, 263, 264, 268, 275, 276, 280, 301, 305, 308, 312, 395, 403, 404, 405, 407, 408, 415, 416, 449, 450, 459, 460, 465, 504, 505, 512, 524, 548, 549, 550, 557, 615, 616, 650, 651, 652, 658, 664, 665, 666, 667, 668, 669, 670, 671, 677, 695, 696, 697, 698, 702, 703, 704, 705, 706, 713, 719, 720, 721, 722, 726, 727, 728, 729, 736], "excluded_lines": [], "functions": {"SessionManager.__init__": {"executed_lines": [28, 29, 30], "summary": {"covered_lines": 3, "num_statements": 3, "percent_covered": 100.0, "percent_covered_display": "100", "missing_lines": 0, "excluded_lines": 0}, "missing_lines": [], "excluded_lines": []}, "SessionManager._sanitize_session_id": {"executed_lines": [38, 42, 45, 46, 52], "summary": {"covered_lines": 5, "num_statements": 6, "percent_covered": 83.33333333333333, "percent_covered_display": "83", "missing_lines": 1, "excluded_lines": 0}, "missing_lines": [39], "excluded_lines": []}, "SessionManager._init_database": {"executed_lines": [63, 64, 65, 67, 68, 70, 81, 98, 104, 105, 106, 108, 109, 111, 114], "summary": {"covered_lines": 15, "num_statements": 19, "percent_covered": 78.94736842105263, "percent_covered_display": "79", "missing_lines": 4, "excluded_lines": 0}, "missing_lines": [112, 116, 117, 122], "excluded_lines": []}, "SessionManager.get_or_create_session": {"executed_lines": [136, 137, 139, 145, 147, 148, 149, 150, 153, 154, 159, 160, 161, 168, 171], "summary": {"covered_lines": 15, "num_statements": 29, "percent_covered": 51.724137931034484, "percent_covered_display": "52", "missing_lines": 14, "excluded_lines": 0}, "missing_lines": [140, 141, 142, 143, 173, 176, 183, 188, 189, 191, 192, 200, 201, 208], "excluded_lines": []}, "SessionManager.load_conversation_history": {"executed_lines": [221, 222, 226, 227, 228, 229, 232, 239, 243, 247, 248, 249, 250, 258, 259, 270, 273], "summary": {"covered_lines": 17, "num_statements": 25, "percent_covered": 68.0, "percent_covered_display": "68", "missing_lines": 8, "excluded_lines": 0}, "missing_lines": [244, 245, 263, 264, 268, 275, 276, 280], "excluded_lines": []}, "SessionManager.save_conversation_turn": {"executed_lines": [294, 295, 296, 300, 307, 314, 315, 316, 318, 320, 322, 327, 328, 330, 335, 337, 339, 342, 360, 363, 375, 377, 382, 387, 388], "summary": {"covered_lines": 25, "num_statements": 37, "percent_covered": 67.56756756756756, "percent_covered_display": "68", "missing_lines": 12, "excluded_lines": 0}, "missing_lines": [301, 305, 308, 312, 395, 403, 404, 405, 407, 408, 415, 416], "excluded_lines": []}, "SessionManager._update_session_context": {"executed_lines": [434, 435, 441, 443, 444, 455, 456, 457, 458, 468, 469, 472, 473, 474, 475, 476, 478, 479, 480, 481, 484, 485, 487, 495, 502], "summary": {"covered_lines": 25, "num_statements": 33, "percent_covered": 75.75757575757575, "percent_covered_display": "76", "missing_lines": 8, "excluded_lines": 0}, "missing_lines": [449, 450, 459, 460, 465, 504, 505, 512], "excluded_lines": []}, "SessionManager.build_session_context_string": {"executed_lines": [517, 519, 520, 521, 523, 526, 527, 528, 529, 532, 533, 534, 536, 537, 540, 541, 542, 543, 544, 546], "summary": {"covered_lines": 20, "num_statements": 25, "percent_covered": 80.0, "percent_covered_display": "80", "missing_lines": 5, "excluded_lines": 0}, "missing_lines": [524, 548, 549, 550, 557], "excluded_lines": []}, "SessionManager.detect_followup_question": {"executed_lines": [564, 576, 585, 588, 591, 594, 596, 602, 606, 607, 608, 610, 611, 612, 614, 619, 620, 622, 623, 635], "summary": {"covered_lines": 20, "num_statements": 22, "percent_covered": 90.9090909090909, "percent_covered_display": "91", "missing_lines": 2, "excluded_lines": 0}, "missing_lines": [615, 616], "excluded_lines": []}, "SessionManager.list_all_sessions": {"executed_lines": [639, 640, 641, 643, 649], "summary": {"covered_lines": 5, "num_statements": 9, "percent_covered": 55.55555555555556, "percent_covered_display": "56", "missing_lines": 4, "excluded_lines": 0}, "missing_lines": [650, 651, 652, 658], "excluded_lines": []}, "SessionManager.get_unique_session_ids": {"executed_lines": [], "summary": {"covered_lines": 0, "num_statements": 9, "percent_covered": 0.0, "percent_covered_display": "0", "missing_lines": 9, "excluded_lines": 0}, "missing_lines": [664, 665, 666, 667, 668, 669, 670, 671, 677], "excluded_lines": []}, "SessionManager.get_answers_by_session": {"executed_lines": [], "summary": {"covered_lines": 0, "num_statements": 10, "percent_covered": 0.0, "percent_covered_display": "0", "missing_lines": 10, "excluded_lines": 0}, "missing_lines": [695, 696, 697, 698, 702, 703, 704, 705, 706, 713], "excluded_lines": []}, "SessionManager.get_last_answer_by_session": {"executed_lines": [], "summary": {"covered_lines": 0, "num_statements": 9, "percent_covered": 0.0, "percent_covered_display": "0", "missing_lines": 9, "excluded_lines": 0}, "missing_lines": [719, 720, 721, 722, 726, 727, 728, 729, 736], "excluded_lines": []}, "": {"executed_lines": [1, 2, 3, 4, 5, 6, 7, 8, 11, 13, 15, 16, 27, 32, 54, 124, 210, 282, 423, 514, 559, 637, 660, 679, 680, 682, 715, 739], "summary": {"covered_lines": 27, "num_statements": 27, "percent_covered": 100.0, "percent_covered_display": "100", "missing_lines": 0, "excluded_lines": 0}, "missing_lines": [], "excluded_lines": []}}, "classes": {"SessionManager": {"executed_lines": [28, 29, 30, 38, 42, 45, 46, 52, 63, 64, 65, 67, 68, 70, 81, 98, 104, 105, 106, 108, 109, 111, 114, 136, 137, 139, 145, 147, 148, 149, 150, 153, 154, 159, 160, 161, 168, 171, 221, 222, 226, 227, 228, 229, 232, 239, 243, 247, 248, 249, 250, 258, 259, 270, 273, 294, 295, 296, 300, 307, 314, 315, 316, 318, 320, 322, 327, 328, 330, 335, 337, 339, 342, 360, 363, 375, 377, 382, 387, 388, 434, 435, 441, 443, 444, 455, 456, 457, 458, 468, 469, 472, 473, 474, 475, 476, 478, 479, 480, 481, 484, 485, 487, 495, 502, 517, 519, 520, 521, 523, 526, 527, 528, 529, 532, 533, 534, 536, 537, 540, 541, 542, 543, 544, 546, 564, 576, 585, 588, 591, 594, 596, 602, 606, 607, 608, 610, 611, 612, 614, 619, 620, 622, 623, 635, 639, 640, 641, 643, 649], "summary": {"covered_lines": 150, "num_statements": 236, "percent_covered": 63.559322033898304, "percent_covered_display": "64", "missing_lines": 86, "excluded_lines": 0}, "missing_lines": [39, 112, 116, 117, 122, 140, 141, 142, 143, 173, 176, 183, 188, 189, 191, 192, 200, 201, 208, 244, 245, 263, 264, 268, 275, 276, 280, 301, 305, 308, 312, 395, 403, 404, 405, 407, 408, 415, 416, 449, 450, 459, 460, 465, 504, 505, 512, 524, 548, 549, 550, 557, 615, 616, 650, 651, 652, 658, 664, 665, 666, 667, 668, 669, 670, 671, 677, 695, 696, 697, 698, 702, 703, 704, 705, 706, 713, 719, 720, 721, 722, 726, 727, 728, 729, 736], "excluded_lines": []}, "": {"executed_lines": [1, 2, 3, 4, 5, 6, 7, 8, 11, 13, 15, 16, 27, 32, 54, 124, 210, 282, 423, 514, 559, 637, 660, 679, 680, 682, 715, 739], "summary": {"covered_lines": 27, "num_statements": 27, "percent_covered": 100.0, "percent_covered_display": "100", "missing_lines": 0, "excluded_lines": 0}, "missing_lines": [], "excluded_lines": []}}}, "backend\\code\\structured_logging.py": {"executed_lines": [1, 6, 7, 8, 9, 10, 11, 12, 13, 15, 18, 20, 21, 23, 24, 36, 37, 40, 43, 44, 46, 48, 49, 51, 52, 53, 54, 56, 58, 59, 62, 63, 66, 67, 68, 69, 72, 73, 74, 77, 79, 80, 82, 84, 86, 87, 89, 91, 93, 95, 97, 99, 101, 103, 105, 107, 110, 111, 113, 115, 116, 118, 119, 120, 121, 122, 124, 125, 126, 127, 129, 130, 132, 133, 148, 150, 153, 154, 155, 156, 157, 158, 161, 163, 164, 166, 173], "summary": {"covered_lines": 83, "num_statements": 87, "percent_covered": 95.40229885057471, "percent_covered_display": "95", "missing_lines": 4, "excluded_lines": 0}, "missing_lines": [41, 85, 139, 167], "excluded_lines": [], "functions": {"StructuredFormatter.format": {"executed_lines": [24, 36, 37, 40, 43, 44, 46], "summary": {"covered_lines": 7, "num_statements": 8, "percent_covered": 87.5, "percent_covered_display": "88", "missing_lines": 1, "excluded_lines": 0}, "missing_lines": [41], "excluded_lines": []}, "ImmigrationLogger.__init__": {"executed_lines": [52, 53, 54], "summary": {"covered_lines": 3, "num_statements": 3, "percent_covered": 100.0, "percent_covered_display": "100", "missing_lines": 0, "excluded_lines": 0}, "missing_lines": [], "excluded_lines": []}, "ImmigrationLogger._setup_handlers": {"executed_lines": [58, 59, 62, 63, 66, 67, 68, 69, 72, 73, 74, 77, 79, 80], "summary": {"covered_lines": 14, "num_statements": 14, "percent_covered": 100.0, "percent_covered_display": "100", "missing_lines": 0, "excluded_lines": 0}, "missing_lines": [], "excluded_lines": []}, "ImmigrationLogger.set_correlation_id": {"executed_lines": [84, 86, 87], "summary": {"covered_lines": 3, "num_statements": 4, "percent_covered": 75.0, "percent_covered_display": "75", "missing_lines": 1, "excluded_lines": 0}, "missing_lines": [85], "excluded_lines": []}, "ImmigrationLogger.info": {"executed_lines": [91], "summary": {"covered_lines": 1, "num_statements": 1, "percent_covered": 100.0, "percent_covered_display": "100", "missing_lines": 0, "excluded_lines": 0}, "missing_lines": [], "excluded_lines": []}, "ImmigrationLogger.warning": {"executed_lines": [95], "summary": {"covered_lines": 1, "num_statements": 1, "percent_covered": 100.0, "percent_covered_display": "100", "missing_lines": 0, "excluded_lines": 0}, "missing_lines": [], "excluded_lines": []}, "ImmigrationLogger.error": {"executed_lines": [99], "summary": {"covered_lines": 1, "num_statements": 1, "percent_covered": 100.0, "percent_covered_display": "100", "missing_lines": 0, "excluded_lines": 0}, "missing_lines": [], "excluded_lines": []}, "ImmigrationLogger.debug": {"executed_lines": [103], "summary": {"covered_lines": 1, "num_statements": 1, "percent_covered": 100.0, "percent_covered_display": "100", "missing_lines": 0, "excluded_lines": 0}, "missing_lines": [], "excluded_lines": []}, "ImmigrationLogger._log": {"executed_lines": [107, 110, 111, 113], "summary": {"covered_lines": 4, "num_statements": 4, "percent_covered": 100.0, "percent_covered_display": "100", "missing_lines": 0, "excluded_lines": 0}, "missing_lines": [], "excluded_lines": []}, "PerformanceTimer.__init__": {"executed_lines": [119, 120, 121, 122], "summary": {"covered_lines": 4, "num_statements": 4, "percent_covered": 100.0, "percent_covered_display": "100", "missing_lines": 0, "excluded_lines": 0}, "missing_lines": [], "excluded_lines": []}, "PerformanceTimer.__enter__": {"executed_lines": [125, 126, 127], "summary": {"covered_lines": 3, "num_statements": 3, "percent_covered": 100.0, "percent_covered_display": "100", "missing_lines": 0, "excluded_lines": 0}, "missing_lines": [], "excluded_lines": []}, "PerformanceTimer.__exit__": {"executed_lines": [130, 132, 133], "summary": {"covered_lines": 3, "num_statements": 4, "percent_covered": 75.0, "percent_covered_display": "75", "missing_lines": 1, "excluded_lines": 0}, "missing_lines": [139], "excluded_lines": []}, "get_logger": {"executed_lines": [150], "summary": {"covered_lines": 1, "num_statements": 1, "percent_covered": 100.0, "percent_covered_display": "100", "missing_lines": 0, "excluded_lines": 0}, "missing_lines": [], "excluded_lines": []}, "start_request_tracking": {"executed_lines": [163, 164, 166, 173], "summary": {"covered_lines": 4, "num_statements": 5, "percent_covered": 80.0, "percent_covered_display": "80", "missing_lines": 1, "excluded_lines": 0}, "missing_lines": [167], "excluded_lines": []}, "": {"executed_lines": [1, 6, 7, 8, 9, 10, 11, 12, 13, 15, 18, 20, 21, 23, 48, 49, 51, 56, 82, 89, 93, 97, 101, 105, 115, 116, 118, 124, 129, 148, 153, 154, 155, 156, 157, 158, 161], "summary": {"covered_lines": 33, "num_statements": 33, "percent_covered": 100.0, "percent_covered_display": "100", "missing_lines": 0, "excluded_lines": 0}, "missing_lines": [], "excluded_lines": []}}, "classes": {"StructuredFormatter": {"executed_lines": [24, 36, 37, 40, 43, 44, 46], "summary": {"covered_lines": 7, "num_statements": 8, "percent_covered": 87.5, "percent_covered_display": "88", "missing_lines": 1, "excluded_lines": 0}, "missing_lines": [41], "excluded_lines": []}, "ImmigrationLogger": {"executed_lines": [52, 53, 54, 58, 59, 62, 63, 66, 67, 68, 69, 72, 73, 74, 77, 79, 80, 84, 86, 87, 91, 95, 99, 103, 107, 110, 111, 113], "summary": {"covered_lines": 28, "num_statements": 29, "percent_covered": 96.55172413793103, "percent_covered_display": "97", "missing_lines": 1, "excluded_lines": 0}, "missing_lines": [85], "excluded_lines": []}, "PerformanceTimer": {"executed_lines": [119, 120, 121, 122, 125, 126, 127, 130, 132, 133], "summary": {"covered_lines": 10, "num_statements": 11, "percent_covered": 90.9090909090909, "percent_covered_display": "91", "missing_lines": 1, "excluded_lines": 0}, "missing_lines": [139], "excluded_lines": []}, "": {"executed_lines": [1, 6, 7, 8, 9, 10, 11, 12, 13, 15, 18, 20, 21, 23, 48, 49, 51, 56, 82, 89, 93, 97, 101, 105, 115, 116, 118, 124, 129, 148, 150, 153, 154, 155, 156, 157, 158, 161, 163, 164, 166, 173], "summary": {"covered_lines": 38, "num_statements": 39, "percent_covered": 97.43589743589743, "percent_covered_display": "97", "missing_lines": 1, "excluded_lines": 0}, "missing_lines": [167], "excluded_lines": []}}}, "backend\\code\\tools\\__init__.py": {"executed_lines": [0], "summary": {"covered_lines": 0, "num_statements": 0, "percent_covered": 100.0, "percent_covered_display": "100", "missing_lines": 0, "excluded_lines": 0}, "missing_lines": [], "excluded_lines": [], "functions": {"": {"executed_lines": [], "summary": {"covered_lines": 0, "num_statements": 0, "percent_covered": 100.0, "percent_covered_display": "100", "missing_lines": 0, "excluded_lines": 0}, "missing_lines": [], "excluded_lines": []}}, "classes": {"": {"executed_lines": [], "summary": {"covered_lines": 0, "num_statements": 0, "percent_covered": 100.0, "percent_covered_display": "100", "missing_lines": 0, "excluded_lines": 0}, "missing_lines": [], "excluded_lines": []}}}, "backend\\code\\tools\\fee_calculator_tool.py": {"executed_lines": [1, 2, 3, 4, 5, 8, 9, 25, 27, 30, 33, 35, 54, 57, 60, 63, 66, 68, 76, 79, 93, 94, 95, 97, 100, 103, 111, 112, 115, 116, 117, 118, 121, 128, 129, 130, 131, 134, 136, 139, 146, 147, 148, 149, 150, 152, 153, 155, 157, 160, 163, 165, 173, 174, 175, 177, 180, 189, 241, 244, 245, 246, 248, 257, 258, 259, 260, 261, 262, 263, 264, 266, 267, 269, 272, 275, 278, 279, 287, 288, 294, 296, 297, 299, 302, 305, 306, 308, 310, 317, 319, 322, 325, 328, 330, 337, 338, 339, 343, 345, 346, 348, 351, 354, 356, 363, 364, 366], "summary": {"covered_lines": 108, "num_statements": 110, "percent_covered": 98.18181818181819, "percent_covered_display": "98", "missing_lines": 2, "excluded_lines": 0}, "missing_lines": [45, 46], "excluded_lines": [], "functions": {"fee_calculator_tool": {"executed_lines": [25, 27, 30, 33, 35], "summary": {"covered_lines": 5, "num_statements": 7, "percent_covered": 71.42857142857143, "percent_covered_display": "71", "missing_lines": 2, "excluded_lines": 0}, "missing_lines": [45, 46], "excluded_lines": []}, "parse_fee_query": {"executed_lines": [57, 60, 63, 66, 68], "summary": {"covered_lines": 5, "num_statements": 5, "percent_covered": 100.0, "percent_covered_display": "100", "missing_lines": 0, "excluded_lines": 0}, "missing_lines": [], "excluded_lines": []}, "extract_procedure_type": {"executed_lines": [79, 93, 94, 95, 97], "summary": {"covered_lines": 5, "num_statements": 5, "percent_covered": 100.0, "percent_covered_display": "100", "missing_lines": 0, "excluded_lines": 0}, "missing_lines": [], "excluded_lines": []}, "extract_applicant_info": {"executed_lines": [103, 111, 112, 115, 116, 117, 118, 121, 128, 129, 130, 131, 134, 136, 139, 146, 147, 148, 149, 150, 152, 153, 155, 157], "summary": {"covered_lines": 24, "num_statements": 24, "percent_covered": 100.0, "percent_covered_display": "100", "missing_lines": 0, "excluded_lines": 0}, "missing_lines": [], "excluded_lines": []}, "extract_additional_services": {"executed_lines": [163, 165, 173, 174, 175, 177], "summary": {"covered_lines": 6, "num_statements": 6, "percent_covered": 100.0, "percent_covered_display": "100", "missing_lines": 0, "excluded_lines": 0}, "missing_lines": [], "excluded_lines": []}, "get_current_uscis_fees": {"executed_lines": [189], "summary": {"covered_lines": 1, "num_statements": 1, "percent_covered": 100.0, "percent_covered_display": "100", "missing_lines": 0, "excluded_lines": 0}, "missing_lines": [], "excluded_lines": []}, "calculate_comprehensive_fees": {"executed_lines": [244, 245, 246, 248, 257, 258, 259, 260, 261, 262, 263, 264, 266, 267, 269], "summary": {"covered_lines": 15, "num_statements": 15, "percent_covered": 100.0, "percent_covered_display": "100", "missing_lines": 0, "excluded_lines": 0}, "missing_lines": [], "excluded_lines": []}, "calculate_naturalization_fees": {"executed_lines": [275, 278, 279, 287, 288, 294, 296, 297, 299], "summary": {"covered_lines": 9, "num_statements": 9, "percent_covered": 100.0, "percent_covered_display": "100", "missing_lines": 0, "excluded_lines": 0}, "missing_lines": [], "excluded_lines": []}, "calculate_green_card_fees": {"executed_lines": [305, 306, 308, 310, 317, 319], "summary": {"covered_lines": 6, "num_statements": 6, "percent_covered": 100.0, "percent_covered_display": "100", "missing_lines": 0, "excluded_lines": 0}, "missing_lines": [], "excluded_lines": []}, "calculate_h1b_fees": {"executed_lines": [325, 328, 330, 337, 338, 339, 343, 345, 346, 348], "summary": {"covered_lines": 10, "num_statements": 10, "percent_covered": 100.0, "percent_covered_display": "100", "missing_lines": 0, "excluded_lines": 0}, "missing_lines": [], "excluded_lines": []}, "calculate_asylum_fees": {"executed_lines": [354, 356, 363, 364, 366], "summary": {"covered_lines": 5, "num_statements": 5, "percent_covered": 100.0, "percent_covered_display": "100", "missing_lines": 0, "excluded_lines": 0}, "missing_lines": [], "excluded_lines": []}, "": {"executed_lines": [1, 2, 3, 4, 5, 8, 9, 54, 76, 100, 160, 180, 241, 272, 302, 322, 351], "summary": {"covered_lines": 17, "num_statements": 17, "percent_covered": 100.0, "percent_covered_display": "100", "missing_lines": 0, "excluded_lines": 0}, "missing_lines": [], "excluded_lines": []}}, "classes": {"": {"executed_lines": [1, 2, 3, 4, 5, 8, 9, 25, 27, 30, 33, 35, 54, 57, 60, 63, 66, 68, 76, 79, 93, 94, 95, 97, 100, 103, 111, 112, 115, 116, 117, 118, 121, 128, 129, 130, 131, 134, 136, 139, 146, 147, 148, 149, 150, 152, 153, 155, 157, 160, 163, 165, 173, 174, 175, 177, 180, 189, 241, 244, 245, 246, 248, 257, 258, 259, 260, 261, 262, 263, 264, 266, 267, 269, 272, 275, 278, 279, 287, 288, 294, 296, 297, 299, 302, 305, 306, 308, 310, 317, 319, 322, 325, 328, 330, 337, 338, 339, 343, 345, 346, 348, 351, 354, 356, 363, 364, 366], "summary": {"covered_lines": 108, "num_statements": 110, "percent_covered": 98.18181818181819, "percent_covered_display": "98", "missing_lines": 2, "excluded_lines": 0}, "missing_lines": [45, 46], "excluded_lines": []}}}, "backend\\code\\tools\\radix_loader.py": {"executed_lines": [1, 2, 3, 5, 21, 22, 23, 24, 25, 28, 29, 31, 32, 33, 36, 37, 38, 39, 40, 41, 42, 43, 44, 45, 46, 47, 48, 49, 51, 52, 53, 54, 57, 64, 84, 85, 86, 87, 88, 91, 95], "summary": {"covered_lines": 41, "num_statements": 68, "percent_covered": 60.294117647058826, "percent_covered_display": "60", "missing_lines": 27, "excluded_lines": 0}, "missing_lines": [58, 59, 60, 61, 65, 66, 67, 68, 69, 70, 71, 72, 73, 74, 75, 77, 78, 79, 80, 92, 97, 98, 99, 100, 101, 102, 103], "excluded_lines": [], "functions": {"_common_prefix": {"executed_lines": [22, 23, 24, 25], "summary": {"covered_lines": 4, "num_statements": 4, "percent_covered": 100.0, "percent_covered_display": "100", "missing_lines": 0, "excluded_lines": 0}, "missing_lines": [], "excluded_lines": []}, "_Node.__init__": {"executed_lines": [32, 33], "summary": {"covered_lines": 2, "num_statements": 2, "percent_covered": 100.0, "percent_covered_display": "100", "missing_lines": 0, "excluded_lines": 0}, "missing_lines": [], "excluded_lines": []}, "_insert": {"executed_lines": [37, 38, 39, 40, 41, 42, 43, 44, 45, 46, 47, 48, 49, 51, 52, 53, 54], "summary": {"covered_lines": 17, "num_statements": 17, "percent_covered": 100.0, "percent_covered_display": "100", "missing_lines": 0, "excluded_lines": 0}, "missing_lines": [], "excluded_lines": []}, "_collect": {"executed_lines": [], "summary": {"covered_lines": 0, "num_statements": 4, "percent_covered": 0.0, "percent_covered_display": "0", "missing_lines": 4, "excluded_lines": 0}, "missing_lines": [58, 59, 60, 61], "excluded_lines": []}, "_search": {"executed_lines": [], "summary": {"covered_lines": 0, "num_statements": 15, "percent_covered": 0.0, "percent_covered_display": "0", "missing_lines": 15, "excluded_lines": 0}, "missing_lines": [65, 66, 67, 68, 69, 70, 71, 72, 73, 74, 75, 77, 78, 79, 80], "excluded_lines": []}, "build_kb": {"executed_lines": [85, 86, 87, 88], "summary": {"covered_lines": 4, "num_statements": 4, "percent_covered": 100.0, "percent_covered_display": "100", "missing_lines": 0, "excluded_lines": 0}, "missing_lines": [], "excluded_lines": []}, "search_prefix": {"executed_lines": [], "summary": {"covered_lines": 0, "num_statements": 1, "percent_covered": 0.0, "percent_covered_display": "0", "missing_lines": 1, "excluded_lines": 0}, "missing_lines": [92], "excluded_lines": []}, "stream_nodes": {"executed_lines": [], "summary": {"covered_lines": 0, "num_statements": 7, "percent_covered": 0.0, "percent_covered_display": "0", "missing_lines": 7, "excluded_lines": 0}, "missing_lines": [97, 98, 99, 100, 101, 102, 103], "excluded_lines": []}, "": {"executed_lines": [1, 2, 3, 5, 21, 28, 29, 31, 36, 57, 64, 84, 91, 95], "summary": {"covered_lines": 14, "num_statements": 14, "percent_covered": 100.0, "percent_covered_display": "100", "missing_lines": 0, "excluded_lines": 0}, "missing_lines": [], "excluded_lines": []}}, "classes": {"_Node": {"executed_lines": [32, 33], "summary": {"covered_lines": 2, "num_statements": 2, "percent_covered": 100.0, "percent_covered_display": "100", "missing_lines": 0, "excluded_lines": 0}, "missing_lines": [], "excluded_lines": []}, "": {"executed_lines": [1, 2, 3, 5, 21, 22, 23, 24, 25, 28, 29, 31, 36, 37, 38, 39, 40, 41, 42, 43, 44, 45, 46, 47, 48, 49, 51, 52, 53, 54, 57, 64, 84, 85, 86, 87, 88, 91, 95], "summary": {"covered_lines": 39, "num_statements": 66, "percent_covered": 59.09090909090909, "percent_covered_display": "59", "missing_lines": 27, "excluded_lines": 0}, "missing_lines": [58, 59, 60, 61, 65, 66, 67, 68, 69, 70, 71, 72, 73, 74, 75, 77, 78, 79, 80, 92, 97, 98, 99, 100, 101, 102, 103], "excluded_lines": []}}}, "backend\\code\\tools\\radix_tool.py": {"executed_lines": [], "summary": {"covered_lines": 0, "num_statements": 8, "percent_covered": 0.0, "percent_covered_display": "0", "missing_lines": 8, "excluded_lines": 0}, "missing_lines": [1, 2, 3, 5, 6, 8, 9, 14], "excluded_lines": [], "functions": {"radix_prefix_search": {"executed_lines": [], "summary": {"covered_lines": 0, "num_statements": 1, "percent_covered": 0.0, "percent_covered_display": "0", "missing_lines": 1, "excluded_lines": 0}, "missing_lines": [14], "excluded_lines": []}, "": {"executed_lines": [], "summary": {"covered_lines": 0, "num_statements": 7, "percent_covered": 0.0, "percent_covered_display": "0", "missing_lines": 7, "excluded_lines": 0}, "missing_lines": [1, 2, 3, 5, 6, 8, 9], "excluded_lines": []}}, "classes": {"": {"executed_lines": [], "summary": {"covered_lines": 0, "num_statements": 8, "percent_covered": 0.0, "percent_covered_display": "0", "missing_lines": 8, "excluded_lines": 0}, "missing_lines": [1, 2, 3, 5, 6, 8, 9, 14], "excluded_lines": []}}}, "backend\\code\\tools\\rag_prompt_utils.py": {"executed_lines": [1, 4], "summary": {"covered_lines": 2, "num_statements": 7, "percent_covered": 28.571428571428573, "percent_covered_display": "29", "missing_lines": 5, "excluded_lines": 0}, "missing_lines": [17, 18, 19, 21, 23], "excluded_lines": [], "functions": {"build_query_prompt": {"executed_lines": [], "summary": {"covered_lines": 0, "num_statements": 5, "percent_covered": 0.0, "percent_covered_display": "0", "missing_lines": 5, "excluded_lines": 0}, "missing_lines": [17, 18, 19, 21, 23], "excluded_lines": []}, "": {"executed_lines": [1, 4], "summary": {"covered_lines": 2, "num_statements": 2, "percent_covered": 100.0, "percent_covered_display": "100", "missing_lines": 0, "excluded_lines": 0}, "missing_lines": [], "excluded_lines": []}}, "classes": {"": {"executed_lines": [1, 4], "summary": {"covered_lines": 2, "num_statements": 7, "percent_covered": 28.571428571428573, "percent_covered_display": "29", "missing_lines": 5, "excluded_lines": 0}, "missing_lines": [17, 18, 19, 21, 23], "excluded_lines": []}}}, "backend\\code\\tools\\rag_tool.py": {"executed_lines": [1, 2, 3, 9, 12, 13, 24, 26, 29, 50, 51], "summary": {"covered_lines": 11, "num_statements": 16, "percent_covered": 68.75, "percent_covered_display": "69", "missing_lines": 5, "excluded_lines": 0}, "missing_lines": [32, 33, 34, 42, 44], "excluded_lines": [], "functions": {"rag_retrieval_tool": {"executed_lines": [24, 26, 29, 50, 51], "summary": {"covered_lines": 5, "num_statements": 10, "percent_covered": 50.0, "percent_covered_display": "50", "missing_lines": 5, "excluded_lines": 0}, "missing_lines": [32, 33, 34, 42, 44], "excluded_lines": []}, "": {"executed_lines": [1, 2, 3, 9, 12, 13], "summary": {"covered_lines": 6, "num_statements": 6, "percent_covered": 100.0, "percent_covered_display": "100", "missing_lines": 0, "excluded_lines": 0}, "missing_lines": [], "excluded_lines": []}}, "classes": {"": {"executed_lines": [1, 2, 3, 9, 12, 13, 24, 26, 29, 50, 51], "summary": {"covered_lines": 11, "num_statements": 16, "percent_covered": 68.75, "percent_covered_display": "69", "missing_lines": 5, "excluded_lines": 0}, "missing_lines": [32, 33, 34, 42, 44], "excluded_lines": []}}}, "backend\\code\\tools\\tool_registry.py": {"executed_lines": [1, 2, 4, 5, 6, 9, 16, 23], "summary": {"covered_lines": 8, "num_statements": 12, "percent_covered": 66.66666666666667, "percent_covered_display": "67", "missing_lines": 4, "excluded_lines": 0}, "missing_lines": [33, 39, 40, 41], "excluded_lines": [], "functions": {"get_all_tools": {"executed_lines": [16], "summary": {"covered_lines": 1, "num_statements": 1, "percent_covered": 100.0, "percent_covered_display": "100", "missing_lines": 0, "excluded_lines": 0}, "missing_lines": [], "excluded_lines": []}, "get_tools_by_agent": {"executed_lines": [], "summary": {"covered_lines": 0, "num_statements": 4, "percent_covered": 0.0, "percent_covered_display": "0", "missing_lines": 4, "excluded_lines": 0}, "missing_lines": [33, 39, 40, 41], "excluded_lines": []}, "": {"executed_lines": [1, 2, 4, 5, 6, 9, 23], "summary": {"covered_lines": 7, "num_statements": 7, "percent_covered": 100.0, "percent_covered_display": "100", "missing_lines": 0, "excluded_lines": 0}, "missing_lines": [], "excluded_lines": []}}, "classes": {"": {"executed_lines": [1, 2, 4, 5, 6, 9, 16, 23], "summary": {"covered_lines": 8, "num_statements": 12, "percent_covered": 66.66666666666667, "percent_covered_display": "67", "missing_lines": 4, "excluded_lines": 0}, "missing_lines": [33, 39, 40, 41], "excluded_lines": []}}}, "backend\\code\\tools\\web_search_tool.py": {"executed_lines": [1, 2, 4, 5, 6, 7, 10, 14, 15, 18, 22, 23, 24, 27, 31, 32, 33, 34, 40, 41, 44, 45, 47], "summary": {"covered_lines": 23, "num_statements": 23, "percent_covered": 100.0, "percent_covered_display": "100", "missing_lines": 0, "excluded_lines": 0}, "missing_lines": [], "excluded_lines": [], "functions": {"extract_source": {"executed_lines": [14, 15], "summary": {"covered_lines": 2, "num_statements": 2, "percent_covered": 100.0, "percent_covered_display": "100", "missing_lines": 0, "excluded_lines": 0}, "missing_lines": [], "excluded_lines": []}, "tavidy_run_search": {"executed_lines": [22, 23, 24], "summary": {"covered_lines": 3, "num_statements": 3, "percent_covered": 100.0, "percent_covered_display": "100", "missing_lines": 0, "excluded_lines": 0}, "missing_lines": [], "excluded_lines": []}, "format_tavidy_results": {"executed_lines": [31, 32, 33, 34, 40, 41], "summary": {"covered_lines": 6, "num_statements": 6, "percent_covered": 100.0, "percent_covered_display": "100", "missing_lines": 0, "excluded_lines": 0}, "missing_lines": [], "excluded_lines": []}, "web_search_tool": {"executed_lines": [47], "summary": {"covered_lines": 1, "num_statements": 1, "percent_covered": 100.0, "percent_covered_display": "100", "missing_lines": 0, "excluded_lines": 0}, "missing_lines": [], "excluded_lines": []}, "": {"executed_lines": [1, 2, 4, 5, 6, 7, 10, 18, 27, 44, 45], "summary": {"covered_lines": 11, "num_statements": 11, "percent_covered": 100.0, "percent_covered_display": "100", "missing_lines": 0, "excluded_lines": 0}, "missing_lines": [], "excluded_lines": []}}, "classes": {"": {"executed_lines": [1, 2, 4, 5, 6, 7, 10, 14, 15, 18, 22, 23, 24, 27, 31, 32, 33, 34, 40, 41, 44, 45, 47], "summary": {"covered_lines": 23, "num_statements": 23, "percent_covered": 100.0, "percent_covered_display": "100", "missing_lines": 0, "excluded_lines": 0}, "missing_lines": [], "excluded_lines": []}}}, "backend\\code\\utils.py": {"executed_lines": [1, 2, 3, 4, 5, 6, 7, 9, 10, 11, 12, 13, 15, 16, 18, 21, 22, 24, 26, 32, 33, 34, 37, 53, 56, 59, 61, 64, 82, 110, 136, 137, 138, 142, 143, 144, 145, 148, 149, 150, 151, 152, 155, 165, 175, 186, 190, 191, 192, 194, 196, 197, 198, 199, 200, 207, 209, 213, 219, 225], "summary": {"covered_lines": 60, "num_statements": 113, "percent_covered": 53.097345132743364, "percent_covered_display": "53", "missing_lines": 53, "excluded_lines": 0}, "missing_lines": [47, 48, 49, 50, 74, 75, 78, 79, 95, 96, 99, 102, 105, 107, 120, 121, 123, 127, 129, 130, 131, 133, 139, 140, 158, 162, 166, 167, 168, 170, 171, 178, 179, 181, 182, 187, 195, 201, 202, 203, 204, 210, 227, 233, 234, 235, 236, 238, 239, 240, 241, 242, 244], "excluded_lines": [], "functions": {"get_cpu_embedder": {"executed_lines": [24, 26], "summary": {"covered_lines": 2, "num_statements": 2, "percent_covered": 100.0, "percent_covered_display": "100", "missing_lines": 0, "excluded_lines": 0}, "missing_lines": [], "excluded_lines": []}, "load_config": {"executed_lines": [33, 34], "summary": {"covered_lines": 2, "num_statements": 2, "percent_covered": 100.0, "percent_covered_display": "100", "missing_lines": 0, "excluded_lines": 0}, "missing_lines": [], "excluded_lines": []}, "load_immigration_example": {"executed_lines": [], "summary": {"covered_lines": 0, "num_statements": 4, "percent_covered": 0.0, "percent_covered_display": "0", "missing_lines": 4, "excluded_lines": 0}, "missing_lines": [47, 48, 49, 50], "excluded_lines": []}, "custom_terminal_print": {"executed_lines": [56], "summary": {"covered_lines": 1, "num_statements": 1, "percent_covered": 100.0, "percent_covered_display": "100", "missing_lines": 0, "excluded_lines": 0}, "missing_lines": [], "excluded_lines": []}, "slugify_chat_session": {"executed_lines": [61], "summary": {"covered_lines": 1, "num_statements": 1, "percent_covered": 100.0, "percent_covered_display": "100", "missing_lines": 0, "excluded_lines": 0}, "missing_lines": [], "excluded_lines": []}, "create_client_fingerprint_hash": {"executed_lines": [], "summary": {"covered_lines": 0, "num_statements": 4, "percent_covered": 0.0, "percent_covered_display": "0", "missing_lines": 4, "excluded_lines": 0}, "missing_lines": [74, 75, 78, 79], "excluded_lines": []}, "create_anonymous_session_id": {"executed_lines": [], "summary": {"covered_lines": 0, "num_statements": 6, "percent_covered": 0.0, "percent_covered_display": "0", "missing_lines": 6, "excluded_lines": 0}, "missing_lines": [95, 96, 99, 102, 105, 107], "excluded_lines": []}, "extract_client_from_session_id": {"executed_lines": [], "summary": {"covered_lines": 0, "num_statements": 8, "percent_covered": 0.0, "percent_covered_display": "0", "missing_lines": 8, "excluded_lines": 0}, "missing_lines": [120, 121, 123, 127, 129, 130, 131, 133], "excluded_lines": []}, "initialize_chroma_db": {"executed_lines": [137, 138, 142, 143, 144, 145], "summary": {"covered_lines": 6, "num_statements": 8, "percent_covered": 75.0, "percent_covered_display": "75", "missing_lines": 2, "excluded_lines": 0}, "missing_lines": [139, 140], "excluded_lines": []}, "get_collection": {"executed_lines": [149, 150, 151, 152], "summary": {"covered_lines": 4, "num_statements": 4, "percent_covered": 100.0, "percent_covered_display": "100", "missing_lines": 0, "excluded_lines": 0}, "missing_lines": [], "excluded_lines": []}, "chunk_publication": {"executed_lines": [], "summary": {"covered_lines": 0, "num_statements": 2, "percent_covered": 0.0, "percent_covered_display": "0", "missing_lines": 2, "excluded_lines": 0}, "missing_lines": [158, 162], "excluded_lines": []}, "load_pdf_publication": {"executed_lines": [], "summary": {"covered_lines": 0, "num_statements": 5, "percent_covered": 0.0, "percent_covered_display": "0", "missing_lines": 5, "excluded_lines": 0}, "missing_lines": [166, 167, 168, 170, 171], "excluded_lines": []}, "iter_all_publications": {"executed_lines": [], "summary": {"covered_lines": 0, "num_statements": 4, "percent_covered": 0.0, "percent_covered_display": "0", "missing_lines": 4, "excluded_lines": 0}, "missing_lines": [178, 179, 181, 182], "excluded_lines": []}, "load_all_publications": {"executed_lines": [], "summary": {"covered_lines": 0, "num_statements": 1, "percent_covered": 0.0, "percent_covered_display": "0", "missing_lines": 1, "excluded_lines": 0}, "missing_lines": [187], "excluded_lines": []}, "load_yaml_config": {"executed_lines": [191, 192, 194, 196, 197, 198, 199, 200], "summary": {"covered_lines": 8, "num_statements": 13, "percent_covered": 61.53846153846154, "percent_covered_display": "62", "missing_lines": 5, "excluded_lines": 0}, "missing_lines": [195, 201, 202, 203, 204], "excluded_lines": []}, "embed_documents": {"executed_lines": [209], "summary": {"covered_lines": 1, "num_statements": 2, "percent_covered": 50.0, "percent_covered_display": "50", "missing_lines": 1, "excluded_lines": 0}, "missing_lines": [210], "excluded_lines": []}, "get_relevant_documents": {"executed_lines": [219, 225], "summary": {"covered_lines": 2, "num_statements": 13, "percent_covered": 15.384615384615385, "percent_covered_display": "15", "missing_lines": 11, "excluded_lines": 0}, "missing_lines": [227, 233, 234, 235, 236, 238, 239, 240, 241, 242, 244], "excluded_lines": []}, "": {"executed_lines": [1, 2, 3, 4, 5, 6, 7, 9, 10, 11, 12, 13, 15, 16, 18, 21, 22, 32, 37, 53, 59, 64, 82, 110, 136, 148, 155, 165, 175, 186, 190, 207, 213], "summary": {"covered_lines": 33, "num_statements": 33, "percent_covered": 100.0, "percent_covered_display": "100", "missing_lines": 0, "excluded_lines": 0}, "missing_lines": [], "excluded_lines": []}}, "classes": {"": {"executed_lines": [1, 2, 3, 4, 5, 6, 7, 9, 10, 11, 12, 13, 15, 16, 18, 21, 22, 24, 26, 32, 33, 34, 37, 53, 56, 59, 61, 64, 82, 110, 136, 137, 138, 142, 143, 144, 145, 148, 149, 150, 151, 152, 155, 165, 175, 186, 190, 191, 192, 194, 196, 197, 198, 199, 200, 207, 209, 213, 219, 225], "summary": {"covered_lines": 60, "num_statements": 113, "percent_covered": 53.097345132743364, "percent_covered_display": "53", "missing_lines": 53, "excluded_lines": 0}, "missing_lines": [47, 48, 49, 50, 74, 75, 78, 79, 95, 96, 99, 102, 105, 107, 120, 121, 123, 127, 129, 130, 131, 133, 139, 140, 158, 162, 166, 167, 168, 170, 171, 178, 179, 181, 182, 187, 195, 201, 202, 203, 204, 210, 227, 233, 234, 235, 236, 238, 239, 240, 241, 242, 244], "excluded_lines": []}}}}, "totals": {"covered_lines": 1088, "num_statements": 2005, "percent_covered": 54.2643391521197, "percent_covered_display": "54", "missing_lines": 917, "excluded_lines": 0}}